[INFO] Found 215 input files to process
[INFO] Using 30 parallel jobs

Starting parallel processing at 2025-11-30 02:11:33

[INFO] [2/215] kernel-results/AIO_PLUG_THRESHOLD/2.input.txt, 2025-11-30 02:11:33 -> 2025-11-30 02:11:33
[SUCCESS] [2/215] Completed kernel-results/AIO_PLUG_THRESHOLD/2.input.txt at 2025-11-30 02:13:57
[INFO] [53/215] kernel-results/IPVS_SYNC_CHECK_PERIOD/1.input.txt, 2025-11-30 02:11:33 -> 2025-11-30 02:13:57
[SUCCESS] [53/215] Completed kernel-results/IPVS_SYNC_CHECK_PERIOD/1.input.txt at 2025-11-30 02:16:05
[INFO] [68/215] kernel-results/MAX_NR_FOLIOS_PER_FREE/1.input.txt, 2025-11-30 02:11:33 -> 2025-11-30 02:16:05
[SUCCESS] [68/215] Completed kernel-results/MAX_NR_FOLIOS_PER_FREE/1.input.txt at 2025-11-30 02:23:59
[INFO] [147/215] kernel-results/TCP_ATO_MIN/12.input.txt, 2025-11-30 02:11:33 -> 2025-11-30 02:23:59
[SUCCESS] [147/215] Completed kernel-results/TCP_ATO_MIN/12.input.txt at 2025-11-30 02:26:10
[INFO] [169/215] kernel-results/TCP_INIT_CWND/12.input.txt, 2025-11-30 02:11:33 -> 2025-11-30 02:26:10
[SUCCESS] [169/215] Completed kernel-results/TCP_INIT_CWND/12.input.txt at 2025-11-30 02:28:22
[INFO] [194/215] kernel-results/TCP_MAX_WSCALE/3.input.txt, 2025-11-30 02:11:33 -> 2025-11-30 02:28:22
[SUCCESS] [194/215] Completed kernel-results/TCP_MAX_WSCALE/3.input.txt at 2025-11-30 02:30:54
[INFO] [9/215] kernel-results/AMT_SECRET_TIMEOUT/2.input.txt, 2025-11-30 02:11:33 -> 2025-11-30 02:11:33
[SUCCESS] [9/215] Completed kernel-results/AMT_SECRET_TIMEOUT/2.input.txt at 2025-11-30 02:13:46
[INFO] [45/215] kernel-results/IO_POLL_REF_BIAS/1.input.txt, 2025-11-30 02:11:33 -> 2025-11-30 02:13:46
[SUCCESS] [45/215] Completed kernel-results/IO_POLL_REF_BIAS/1.input.txt at 2025-11-30 02:16:05
[INFO] [70/215] kernel-results/MAX_OOM_REAP_RETRIES/1.input.txt, 2025-11-30 02:11:33 -> 2025-11-30 02:16:05
[SUCCESS] [70/215] Completed kernel-results/MAX_OOM_REAP_RETRIES/1.input.txt at 2025-11-30 02:18:24
[INFO] [91/215] kernel-results/NFS_JUKEBOX_RETRY_TIME/17.input.txt, 2025-11-30 02:11:33 -> 2025-11-30 02:18:24
[SUCCESS] [91/215] Completed kernel-results/NFS_JUKEBOX_RETRY_TIME/17.input.txt at 2025-11-30 02:20:35
[INFO] [116/215] kernel-results/PIE_SCALE/3.input.txt, 2025-11-30 02:11:33 -> 2025-11-30 02:20:35
[SUCCESS] [116/215] Completed kernel-results/PIE_SCALE/3.input.txt at 2025-11-30 02:26:23
[INFO] [170/215] kernel-results/TCP_INIT_CWND/13.input.txt, 2025-11-30 02:11:33 -> 2025-11-30 02:26:23
[SUCCESS] [170/215] Completed kernel-results/TCP_INIT_CWND/13.input.txt at 2025-11-30 02:28:33
[INFO] [195/215] kernel-results/TCP_MAX_WSCALE/4.input.txt, 2025-11-30 02:11:33 -> 2025-11-30 02:28:33
[SUCCESS] [195/215] Completed kernel-results/TCP_MAX_WSCALE/4.input.txt at 2025-11-30 02:30:59
[INFO] [15/215] kernel-results/BLK_MIN_SG_TIMEOUT/3.input.txt, 2025-11-30 02:11:33 -> 2025-11-30 02:11:33
[SUCCESS] [15/215] Completed kernel-results/BLK_MIN_SG_TIMEOUT/3.input.txt at 2025-11-30 02:14:11
[INFO] [56/215] kernel-results/IPVS_SYNC_WAKEUP_RATE/1.input.txt, 2025-11-30 02:11:33 -> 2025-11-30 02:14:11
[SUCCESS] [56/215] Completed kernel-results/IPVS_SYNC_WAKEUP_RATE/1.input.txt at 2025-11-30 02:16:28
[INFO] [82/215] kernel-results/MULTISHOT_MAX_RETRY/1.input.txt, 2025-11-30 02:11:33 -> 2025-11-30 02:16:28
[SUCCESS] [82/215] Completed kernel-results/MULTISHOT_MAX_RETRY/1.input.txt at 2025-11-30 02:18:46
[INFO] [103/215] kernel-results/NFS_JUKEBOX_RETRY_TIME/8.input.txt, 2025-11-30 02:11:33 -> 2025-11-30 02:18:46
[SUCCESS] [103/215] Completed kernel-results/NFS_JUKEBOX_RETRY_TIME/8.input.txt at 2025-11-30 02:20:56
[INFO] [128/215] kernel-results/SBQ_WAKE_BATCH/3.input.txt, 2025-11-30 02:11:33 -> 2025-11-30 02:20:56
[SUCCESS] [128/215] Completed kernel-results/SBQ_WAKE_BATCH/3.input.txt at 2025-11-30 02:24:31
[INFO] [149/215] kernel-results/TCP_ATO_MIN/2.input.txt, 2025-11-30 02:11:33 -> 2025-11-30 02:24:31
[SUCCESS] [149/215] Completed kernel-results/TCP_ATO_MIN/2.input.txt at 2025-11-30 02:26:43
[INFO] [172/215] kernel-results/TCP_INIT_CWND/2.input.txt, 2025-11-30 02:11:33 -> 2025-11-30 02:26:43
[SUCCESS] [172/215] Completed kernel-results/TCP_INIT_CWND/2.input.txt at 2025-11-30 02:28:58
[INFO] [197/215] kernel-results/TCP_MAX_WSCALE/6.input.txt, 2025-11-30 02:11:33 -> 2025-11-30 02:28:58
[SUCCESS] [197/215] Completed kernel-results/TCP_MAX_WSCALE/6.input.txt at 2025-11-30 02:31:17
[INFO] [1/215] kernel-results/AIO_PLUG_THRESHOLD/1.input.txt, 2025-11-30 02:11:33 -> 2025-11-30 02:11:33
[SUCCESS] [1/215] Completed kernel-results/AIO_PLUG_THRESHOLD/1.input.txt at 2025-11-30 02:13:56
[INFO] [52/215] kernel-results/IO_TCTX_REFS_CACHE_NR/1.input.txt, 2025-11-30 02:11:33 -> 2025-11-30 02:13:56
[SUCCESS] [52/215] Completed kernel-results/IO_TCTX_REFS_CACHE_NR/1.input.txt at 2025-11-30 02:16:56
[INFO] [83/215] kernel-results/NFS_JUKEBOX_RETRY_TIME/1.input.txt, 2025-11-30 02:11:33 -> 2025-11-30 02:16:56
[SUCCESS] [83/215] Completed kernel-results/NFS_JUKEBOX_RETRY_TIME/1.input.txt at 2025-11-30 02:19:04
[INFO] [108/215] kernel-results/OOM_REAPER_DELAY/1.input.txt, 2025-11-30 02:11:33 -> 2025-11-30 02:19:04
[SUCCESS] [108/215] Completed kernel-results/OOM_REAPER_DELAY/1.input.txt at 2025-11-30 02:21:31
[INFO] [131/215] kernel-results/SBQ_WAKE_BATCH/6.input.txt, 2025-11-30 02:11:33 -> 2025-11-30 02:21:31
[SUCCESS] [131/215] Completed kernel-results/SBQ_WAKE_BATCH/6.input.txt at 2025-11-30 02:24:31
[INFO] [150/215] kernel-results/TCP_ATO_MIN/3.input.txt, 2025-11-30 02:11:33 -> 2025-11-30 02:24:31
[SUCCESS] [150/215] Completed kernel-results/TCP_ATO_MIN/3.input.txt at 2025-11-30 02:26:42
[INFO] [171/215] kernel-results/TCP_INIT_CWND/14.input.txt, 2025-11-30 02:11:33 -> 2025-11-30 02:26:42
[SUCCESS] [171/215] Completed kernel-results/TCP_INIT_CWND/14.input.txt at 2025-11-30 02:29:11
[INFO] [198/215] kernel-results/TCP_MAX_WSCALE/7.input.txt, 2025-11-30 02:11:33 -> 2025-11-30 02:29:11
[SUCCESS] [198/215] Completed kernel-results/TCP_MAX_WSCALE/7.input.txt at 2025-11-30 02:31:20
[INFO] [10/215] kernel-results/APOLL_MAX_RETRY/1.input.txt, 2025-11-30 02:11:33 -> 2025-11-30 02:11:33
[SUCCESS] [10/215] Completed kernel-results/APOLL_MAX_RETRY/1.input.txt at 2025-11-30 02:13:43
[INFO] [42/215] kernel-results/IO_LOCAL_TW_DEFAULT_MAX/2.input.txt, 2025-11-30 02:11:33 -> 2025-11-30 02:13:43
[SUCCESS] [42/215] Completed kernel-results/IO_LOCAL_TW_DEFAULT_MAX/2.input.txt at 2025-11-30 02:15:56
[INFO] [59/215] kernel-results/IWALK_MAX_INODE_PREFETCH/1.input.txt, 2025-11-30 02:11:33 -> 2025-11-30 02:15:56
[SUCCESS] [59/215] Completed kernel-results/IWALK_MAX_INODE_PREFETCH/1.input.txt at 2025-11-30 02:18:49
[INFO] [105/215] kernel-results/NR_MAX_MIGRATE_PAGES_RETRY/1.input.txt, 2025-11-30 02:11:33 -> 2025-11-30 02:18:49
[SUCCESS] [105/215] Completed kernel-results/NR_MAX_MIGRATE_PAGES_RETRY/1.input.txt at 2025-11-30 02:21:15
[INFO] [130/215] kernel-results/SBQ_WAKE_BATCH/5.input.txt, 2025-11-30 02:11:33 -> 2025-11-30 02:21:15
[SUCCESS] [130/215] Completed kernel-results/SBQ_WAKE_BATCH/5.input.txt at 2025-11-30 02:24:23
[INFO] [148/215] kernel-results/TCP_ATO_MIN/13.input.txt, 2025-11-30 02:11:33 -> 2025-11-30 02:24:23
[SUCCESS] [148/215] Completed kernel-results/TCP_ATO_MIN/13.input.txt at 2025-11-30 02:28:08
[INFO] [190/215] kernel-results/TCP_MAX_WSCALE/14.input.txt, 2025-11-30 02:11:33 -> 2025-11-30 02:28:08
[SUCCESS] [190/215] Completed kernel-results/TCP_MAX_WSCALE/14.input.txt at 2025-11-30 02:31:23
[INFO] [30/215] kernel-results/DFR_MAX/2.input.txt, 2025-11-30 02:11:33 -> 2025-11-30 02:11:33
[SUCCESS] [30/215] Completed kernel-results/DFR_MAX/2.input.txt at 2025-11-30 02:13:49
[INFO] [49/215] kernel-results/IO_POLL_REF_BIAS/5.input.txt, 2025-11-30 02:11:33 -> 2025-11-30 02:13:49
[SUCCESS] [49/215] Completed kernel-results/IO_POLL_REF_BIAS/5.input.txt at 2025-11-30 02:16:07
[INFO] [73/215] kernel-results/MAX_SLACK/3.input.txt, 2025-11-30 02:11:33 -> 2025-11-30 02:16:07
[SUCCESS] [73/215] Completed kernel-results/MAX_SLACK/3.input.txt at 2025-11-30 02:18:17
[INFO] [86/215] kernel-results/NFS_JUKEBOX_RETRY_TIME/12.input.txt, 2025-11-30 02:11:33 -> 2025-11-30 02:18:17
[SUCCESS] [86/215] Completed kernel-results/NFS_JUKEBOX_RETRY_TIME/12.input.txt at 2025-11-30 02:20:38
[INFO] [118/215] kernel-results/PIPE_MIN_DEF_BUFFERS/2.input.txt, 2025-11-30 02:11:33 -> 2025-11-30 02:20:38
[SUCCESS] [118/215] Completed kernel-results/PIPE_MIN_DEF_BUFFERS/2.input.txt at 2025-11-30 02:23:55
[INFO] [146/215] kernel-results/TCP_ATO_MIN/11.input.txt, 2025-11-30 02:11:33 -> 2025-11-30 02:23:55
[SUCCESS] [146/215] Completed kernel-results/TCP_ATO_MIN/11.input.txt at 2025-11-30 02:26:08
[INFO] [168/215] kernel-results/TCP_INIT_CWND/11.input.txt, 2025-11-30 02:11:33 -> 2025-11-30 02:26:08
[SUCCESS] [168/215] Completed kernel-results/TCP_INIT_CWND/11.input.txt at 2025-11-30 02:28:54
[INFO] [196/215] kernel-results/TCP_MAX_WSCALE/5.input.txt, 2025-11-30 02:11:33 -> 2025-11-30 02:28:54
[SUCCESS] [196/215] Completed kernel-results/TCP_MAX_WSCALE/5.input.txt at 2025-11-30 02:31:21
[INFO] [18/215] kernel-results/BLK_MQ_MAX_DEPTH/1.input.txt, 2025-11-30 02:11:33 -> 2025-11-30 02:11:33
[SUCCESS] [18/215] Completed kernel-results/BLK_MQ_MAX_DEPTH/1.input.txt at 2025-11-30 02:13:49
[INFO] [48/215] kernel-results/IO_POLL_REF_BIAS/4.input.txt, 2025-11-30 02:11:33 -> 2025-11-30 02:13:49
[SUCCESS] [48/215] Completed kernel-results/IO_POLL_REF_BIAS/4.input.txt at 2025-11-30 02:16:07
[INFO] [74/215] kernel-results/MAX_SLACK/4.input.txt, 2025-11-30 02:11:33 -> 2025-11-30 02:16:07
[SUCCESS] [74/215] Completed kernel-results/MAX_SLACK/4.input.txt at 2025-11-30 02:18:40
[INFO] [100/215] kernel-results/NFS_JUKEBOX_RETRY_TIME/5.input.txt, 2025-11-30 02:11:33 -> 2025-11-30 02:18:40
[SUCCESS] [100/215] Completed kernel-results/NFS_JUKEBOX_RETRY_TIME/5.input.txt at 2025-11-30 02:20:50
[INFO] [124/215] kernel-results/RCU_JIFFIES_FQS_DIV/3.input.txt, 2025-11-30 02:11:33 -> 2025-11-30 02:20:50
[SUCCESS] [124/215] Completed kernel-results/RCU_JIFFIES_FQS_DIV/3.input.txt at 2025-11-30 02:23:32
[INFO] [145/215] kernel-results/TCP_ATO_MIN/10.input.txt, 2025-11-30 02:11:33 -> 2025-11-30 02:23:32
[SUCCESS] [145/215] Completed kernel-results/TCP_ATO_MIN/10.input.txt at 2025-11-30 02:25:44
[INFO] [164/215] kernel-results/TCP_DELACK_MIN/2.input.txt, 2025-11-30 02:11:33 -> 2025-11-30 02:25:44
[SUCCESS] [164/215] Completed kernel-results/TCP_DELACK_MIN/2.input.txt at 2025-11-30 02:28:05
[INFO] [189/215] kernel-results/TCP_MAX_WSCALE/13.input.txt, 2025-11-30 02:11:33 -> 2025-11-30 02:28:05
[SUCCESS] [189/215] Completed kernel-results/TCP_MAX_WSCALE/13.input.txt at 2025-11-30 02:31:29
[INFO] [19/215] kernel-results/BLK_MQ_MAX_DEPTH/2.input.txt, 2025-11-30 02:11:33 -> 2025-11-30 02:11:33
[SUCCESS] [19/215] Completed kernel-results/BLK_MQ_MAX_DEPTH/2.input.txt at 2025-11-30 02:13:38
[INFO] [31/215] kernel-results/EP_MAX_NESTS/1.input.txt, 2025-11-30 02:11:33 -> 2025-11-30 02:13:38
[SUCCESS] [31/215] Completed kernel-results/EP_MAX_NESTS/1.input.txt at 2025-11-30 02:16:04
[INFO] [67/215] kernel-results/MAX_INOBT_WALK_PREFETCH/2.input.txt, 2025-11-30 02:11:33 -> 2025-11-30 02:16:04
[SUCCESS] [67/215] Completed kernel-results/MAX_INOBT_WALK_PREFETCH/2.input.txt at 2025-11-30 02:18:31
[INFO] [95/215] kernel-results/NFS_JUKEBOX_RETRY_TIME/20.input.txt, 2025-11-30 02:11:33 -> 2025-11-30 02:18:31
[SUCCESS] [95/215] Completed kernel-results/NFS_JUKEBOX_RETRY_TIME/20.input.txt at 2025-11-30 02:20:40
[INFO] [120/215] kernel-results/QUEUE_THRESHOLD/2.input.txt, 2025-11-30 02:11:33 -> 2025-11-30 02:20:40
[SUCCESS] [120/215] Completed kernel-results/QUEUE_THRESHOLD/2.input.txt at 2025-11-30 02:23:01
[INFO] [138/215] kernel-results/SHRINK_BATCH/3.input.txt, 2025-11-30 02:11:33 -> 2025-11-30 02:23:01
[SUCCESS] [138/215] Completed kernel-results/SHRINK_BATCH/3.input.txt at 2025-11-30 02:25:18
[INFO] [159/215] kernel-results/TCP_DELACK_MAX/3.input.txt, 2025-11-30 02:11:33 -> 2025-11-30 02:25:18
[SUCCESS] [159/215] Completed kernel-results/TCP_DELACK_MAX/3.input.txt at 2025-11-30 02:31:53
[INFO] [22/215] kernel-results/BLK_MQ_MAX_DEPTH/5.input.txt, 2025-11-30 02:11:33 -> 2025-11-30 02:11:33
[SUCCESS] [22/215] Completed kernel-results/BLK_MQ_MAX_DEPTH/5.input.txt at 2025-11-30 02:13:57
[INFO] [54/215] kernel-results/IPVS_SYNC_FLUSH_TIME/1.input.txt, 2025-11-30 02:11:33 -> 2025-11-30 02:13:57
[SUCCESS] [54/215] Completed kernel-results/IPVS_SYNC_FLUSH_TIME/1.input.txt at 2025-11-30 02:16:28
[INFO] [81/215] kernel-results/MLD_MAX_SKBS/2.input.txt, 2025-11-30 02:11:33 -> 2025-11-30 02:16:28
[SUCCESS] [81/215] Completed kernel-results/MLD_MAX_SKBS/2.input.txt at 2025-11-30 02:18:47
[INFO] [104/215] kernel-results/NFS_JUKEBOX_RETRY_TIME/9.input.txt, 2025-11-30 02:11:33 -> 2025-11-30 02:18:47
[SUCCESS] [104/215] Completed kernel-results/NFS_JUKEBOX_RETRY_TIME/9.input.txt at 2025-11-30 02:20:55
[INFO] [126/215] kernel-results/SBQ_WAKE_BATCH/1.input.txt, 2025-11-30 02:11:33 -> 2025-11-30 02:20:55
[SUCCESS] [126/215] Completed kernel-results/SBQ_WAKE_BATCH/1.input.txt at 2025-11-30 02:25:03
[INFO] [153/215] kernel-results/TCP_ATO_MIN/6.input.txt, 2025-11-30 02:11:33 -> 2025-11-30 02:25:03
[SUCCESS] [153/215] Completed kernel-results/TCP_ATO_MIN/6.input.txt at 2025-11-30 02:27:24
[INFO] [178/215] kernel-results/TCP_INIT_CWND/8.input.txt, 2025-11-30 02:11:33 -> 2025-11-30 02:27:24
[SUCCESS] [178/215] Completed kernel-results/TCP_INIT_CWND/8.input.txt at 2025-11-30 02:29:44
[INFO] [200/215] kernel-results/TCP_MAX_WSCALE/9.input.txt, 2025-11-30 02:11:33 -> 2025-11-30 02:29:44
[SUCCESS] [200/215] Completed kernel-results/TCP_MAX_WSCALE/9.input.txt at 2025-11-30 02:32:00
[INFO] [4/215] kernel-results/AMT_DISCOVERY_TIMEOUT/2.input.txt, 2025-11-30 02:11:33 -> 2025-11-30 02:11:33
[SUCCESS] [4/215] Completed kernel-results/AMT_DISCOVERY_TIMEOUT/2.input.txt at 2025-11-30 02:13:42
[INFO] [37/215] kernel-results/IORING_MAX_ENTRIES/1.input.txt, 2025-11-30 02:11:33 -> 2025-11-30 02:13:42
[SUCCESS] [37/215] Completed kernel-results/IORING_MAX_ENTRIES/1.input.txt at 2025-11-30 02:15:58
[INFO] [64/215] kernel-results/LAST_INO_BATCH/2.input.txt, 2025-11-30 02:11:33 -> 2025-11-30 02:15:58
[SUCCESS] [64/215] Completed kernel-results/LAST_INO_BATCH/2.input.txt at 2025-11-30 02:24:56
[INFO] [152/215] kernel-results/TCP_ATO_MIN/5.input.txt, 2025-11-30 02:11:33 -> 2025-11-30 02:24:56
[SUCCESS] [152/215] Completed kernel-results/TCP_ATO_MIN/5.input.txt at 2025-11-30 02:27:29
[INFO] [180/215] kernel-results/TCP_MAX_QUICKACKS/1.input.txt, 2025-11-30 02:11:33 -> 2025-11-30 02:27:29
[SUCCESS] [180/215] Completed kernel-results/TCP_MAX_QUICKACKS/1.input.txt at 2025-11-30 02:30:12
[INFO] [205/215] kernel-results/TCP_RACK_RECOVERY_THRESH/3.input.txt, 2025-11-30 02:11:33 -> 2025-11-30 02:30:12
[SUCCESS] [205/215] Completed kernel-results/TCP_RACK_RECOVERY_THRESH/3.input.txt at 2025-11-30 02:32:22
[INFO] [21/215] kernel-results/BLK_MQ_MAX_DEPTH/4.input.txt, 2025-11-30 02:11:33 -> 2025-11-30 02:11:33
[SUCCESS] [21/215] Completed kernel-results/BLK_MQ_MAX_DEPTH/4.input.txt at 2025-11-30 02:13:43
[INFO] [41/215] kernel-results/IO_LOCAL_TW_DEFAULT_MAX/1.input.txt, 2025-11-30 02:11:33 -> 2025-11-30 02:13:43
[SUCCESS] [41/215] Completed kernel-results/IO_LOCAL_TW_DEFAULT_MAX/1.input.txt at 2025-11-30 02:16:08
[INFO] [75/215] kernel-results/MAX_SLACK/5.input.txt, 2025-11-30 02:11:33 -> 2025-11-30 02:16:08
[SUCCESS] [75/215] Completed kernel-results/MAX_SLACK/5.input.txt at 2025-11-30 02:18:43
[INFO] [102/215] kernel-results/NFS_JUKEBOX_RETRY_TIME/7.input.txt, 2025-11-30 02:11:33 -> 2025-11-30 02:18:43
[SUCCESS] [102/215] Completed kernel-results/NFS_JUKEBOX_RETRY_TIME/7.input.txt at 2025-11-30 02:21:05
[INFO] [129/215] kernel-results/SBQ_WAKE_BATCH/4.input.txt, 2025-11-30 02:11:33 -> 2025-11-30 02:21:05
[SUCCESS] [129/215] Completed kernel-results/SBQ_WAKE_BATCH/4.input.txt at 2025-11-30 02:24:33
[INFO] [151/215] kernel-results/TCP_ATO_MIN/4.input.txt, 2025-11-30 02:11:33 -> 2025-11-30 02:24:33
[SUCCESS] [151/215] Completed kernel-results/TCP_ATO_MIN/4.input.txt at 2025-11-30 02:26:44
[INFO] [173/215] kernel-results/TCP_INIT_CWND/3.input.txt, 2025-11-30 02:11:33 -> 2025-11-30 02:26:44
[SUCCESS] [173/215] Completed kernel-results/TCP_INIT_CWND/3.input.txt at 2025-11-30 02:29:45
[INFO] [201/215] kernel-results/TCP_PLB_SCALE/1.input.txt, 2025-11-30 02:11:33 -> 2025-11-30 02:29:45
[SUCCESS] [201/215] Completed kernel-results/TCP_PLB_SCALE/1.input.txt at 2025-11-30 02:32:14
[INFO] [7/215] kernel-results/AMT_MAX_REQ_TIMEOUT/1.input.txt, 2025-11-30 02:11:33 -> 2025-11-30 02:11:33
[SUCCESS] [7/215] Completed kernel-results/AMT_MAX_REQ_TIMEOUT/1.input.txt at 2025-11-30 02:13:54
[INFO] [51/215] kernel-results/IO_POLL_REF_BIAS/7.input.txt, 2025-11-30 02:11:33 -> 2025-11-30 02:13:54
[SUCCESS] [51/215] Completed kernel-results/IO_POLL_REF_BIAS/7.input.txt at 2025-11-30 02:16:12
[INFO] [78/215] kernel-results/MAX_SLACK/8.input.txt, 2025-11-30 02:11:33 -> 2025-11-30 02:16:12
[SUCCESS] [78/215] Completed kernel-results/MAX_SLACK/8.input.txt at 2025-11-30 02:18:34
[INFO] [97/215] kernel-results/NFS_JUKEBOX_RETRY_TIME/22.input.txt, 2025-11-30 02:11:33 -> 2025-11-30 02:18:34
[SUCCESS] [97/215] Completed kernel-results/NFS_JUKEBOX_RETRY_TIME/22.input.txt at 2025-11-30 02:20:45
[INFO] [122/215] kernel-results/RCU_JIFFIES_FQS_DIV/1.input.txt, 2025-11-30 02:11:33 -> 2025-11-30 02:20:45
[SUCCESS] [122/215] Completed kernel-results/RCU_JIFFIES_FQS_DIV/1.input.txt at 2025-11-30 02:23:18
[INFO] [143/215] kernel-results/SYNC_SHRINK_BATCH/1.input.txt, 2025-11-30 02:11:33 -> 2025-11-30 02:23:18
[SUCCESS] [143/215] Completed kernel-results/SYNC_SHRINK_BATCH/1.input.txt at 2025-11-30 02:25:31
[INFO] [163/215] kernel-results/TCP_DELACK_MIN/1.input.txt, 2025-11-30 02:11:33 -> 2025-11-30 02:25:31
[SUCCESS] [163/215] Completed kernel-results/TCP_DELACK_MIN/1.input.txt at 2025-11-30 02:27:45
[INFO] [185/215] kernel-results/TCP_MAX_WSCALE/1.input.txt, 2025-11-30 02:11:33 -> 2025-11-30 02:27:45
[SUCCESS] [185/215] Completed kernel-results/TCP_MAX_WSCALE/1.input.txt at 2025-11-30 02:30:03
[INFO] [202/215] kernel-results/TCP_PLB_SCALE/2.input.txt, 2025-11-30 02:11:33 -> 2025-11-30 02:30:03
[SUCCESS] [202/215] Completed kernel-results/TCP_PLB_SCALE/2.input.txt at 2025-11-30 02:32:30
[INFO] [27/215] kernel-results/BUSY_POLL_BUDGET/4.input.txt, 2025-11-30 02:11:33 -> 2025-11-30 02:11:33
[SUCCESS] [27/215] Completed kernel-results/BUSY_POLL_BUDGET/4.input.txt at 2025-11-30 02:13:40
[INFO] [35/215] kernel-results/GET_PAGE_MAX_RETRY_NUM/3.input.txt, 2025-11-30 02:11:33 -> 2025-11-30 02:13:40
[SUCCESS] [35/215] Completed kernel-results/GET_PAGE_MAX_RETRY_NUM/3.input.txt at 2025-11-30 02:15:58
[INFO] [62/215] kernel-results/IWALK_MAX_INODE_PREFETCH/4.input.txt, 2025-11-30 02:11:33 -> 2025-11-30 02:15:58
[SUCCESS] [62/215] Completed kernel-results/IWALK_MAX_INODE_PREFETCH/4.input.txt at 2025-11-30 02:18:25
[INFO] [92/215] kernel-results/NFS_JUKEBOX_RETRY_TIME/18.input.txt, 2025-11-30 02:11:33 -> 2025-11-30 02:18:25
[SUCCESS] [92/215] Completed kernel-results/NFS_JUKEBOX_RETRY_TIME/18.input.txt at 2025-11-30 02:20:37
[INFO] [117/215] kernel-results/PIPE_MIN_DEF_BUFFERS/1.input.txt, 2025-11-30 02:11:33 -> 2025-11-30 02:20:37
[SUCCESS] [117/215] Completed kernel-results/PIPE_MIN_DEF_BUFFERS/1.input.txt at 2025-11-30 02:23:27
[INFO] [144/215] kernel-results/TCP_ATO_MIN/1.input.txt, 2025-11-30 02:11:33 -> 2025-11-30 02:23:27
[SUCCESS] [144/215] Completed kernel-results/TCP_ATO_MIN/1.input.txt at 2025-11-30 02:30:13
[INFO] [206/215] kernel-results/TCP_THIN_LINEAR_RETRIES/1.input.txt, 2025-11-30 02:11:33 -> 2025-11-30 02:30:13
[SUCCESS] [206/215] Completed kernel-results/TCP_THIN_LINEAR_RETRIES/1.input.txt at 2025-11-30 02:32:33
[INFO] [6/215] kernel-results/AMT_MAX_REQ_COUNT/1.input.txt, 2025-11-30 02:11:33 -> 2025-11-30 02:11:33
[SUCCESS] [6/215] Completed kernel-results/AMT_MAX_REQ_COUNT/1.input.txt at 2025-11-30 02:13:48
[INFO] [46/215] kernel-results/IO_POLL_REF_BIAS/2.input.txt, 2025-11-30 02:11:33 -> 2025-11-30 02:13:48
[SUCCESS] [46/215] Completed kernel-results/IO_POLL_REF_BIAS/2.input.txt at 2025-11-30 02:16:06
[INFO] [71/215] kernel-results/MAX_SLACK/1.input.txt, 2025-11-30 02:11:33 -> 2025-11-30 02:16:06
[SUCCESS] [71/215] Completed kernel-results/MAX_SLACK/1.input.txt at 2025-11-30 02:18:51
[INFO] [107/215] kernel-results/NR_MAX_MIGRATE_PAGES_RETRY/3.input.txt, 2025-11-30 02:11:33 -> 2025-11-30 02:18:51
[SUCCESS] [107/215] Completed kernel-results/NR_MAX_MIGRATE_PAGES_RETRY/3.input.txt at 2025-11-30 02:27:59
[INFO] [188/215] kernel-results/TCP_MAX_WSCALE/12.input.txt, 2025-11-30 02:11:33 -> 2025-11-30 02:27:59
[SUCCESS] [188/215] Completed kernel-results/TCP_MAX_WSCALE/12.input.txt at 2025-11-30 02:30:19
[INFO] [210/215] kernel-results/TCP_TIMEOUT_MIN/4.input.txt, 2025-11-30 02:11:33 -> 2025-11-30 02:30:19
[SUCCESS] [210/215] Completed kernel-results/TCP_TIMEOUT_MIN/4.input.txt at 2025-11-30 02:32:28
[INFO] [23/215] kernel-results/BLK_MQ_MAX_DEPTH/6.input.txt, 2025-11-30 02:11:33 -> 2025-11-30 02:11:33
[SUCCESS] [23/215] Completed kernel-results/BLK_MQ_MAX_DEPTH/6.input.txt at 2025-11-30 02:27:12
[INFO] [174/215] kernel-results/TCP_INIT_CWND/4.input.txt, 2025-11-30 02:11:33 -> 2025-11-30 02:27:12
[SUCCESS] [174/215] Completed kernel-results/TCP_INIT_CWND/4.input.txt at 2025-11-30 02:30:14
[INFO] [208/215] kernel-results/TCP_TIMEOUT_MIN/2.input.txt, 2025-11-30 02:11:33 -> 2025-11-30 02:30:14
[SUCCESS] [208/215] Completed kernel-results/TCP_TIMEOUT_MIN/2.input.txt at 2025-11-30 02:32:34
[INFO] [28/215] kernel-results/BUSY_POLL_BUDGET/5.input.txt, 2025-11-30 02:11:33 -> 2025-11-30 02:11:33
[SUCCESS] [28/215] Completed kernel-results/BUSY_POLL_BUDGET/5.input.txt at 2025-11-30 02:13:42
[INFO] [38/215] kernel-results/IORING_MAX_ENTRIES/2.input.txt, 2025-11-30 02:11:33 -> 2025-11-30 02:13:42
[SUCCESS] [38/215] Completed kernel-results/IORING_MAX_ENTRIES/2.input.txt at 2025-11-30 02:16:11
[INFO] [77/215] kernel-results/MAX_SLACK/7.input.txt, 2025-11-30 02:11:33 -> 2025-11-30 02:16:11
[SUCCESS] [77/215] Completed kernel-results/MAX_SLACK/7.input.txt at 2025-11-30 02:18:41
[INFO] [101/215] kernel-results/NFS_JUKEBOX_RETRY_TIME/6.input.txt, 2025-11-30 02:11:33 -> 2025-11-30 02:18:41
[SUCCESS] [101/215] Completed kernel-results/NFS_JUKEBOX_RETRY_TIME/6.input.txt at 2025-11-30 02:20:47
[INFO] [123/215] kernel-results/RCU_JIFFIES_FQS_DIV/2.input.txt, 2025-11-30 02:11:33 -> 2025-11-30 02:20:47
[SUCCESS] [123/215] Completed kernel-results/RCU_JIFFIES_FQS_DIV/2.input.txt at 2025-11-30 02:23:17
[INFO] [142/215] kernel-results/SMC_TX_WORK_DELAY/2.input.txt, 2025-11-30 02:11:33 -> 2025-11-30 02:23:17
[SUCCESS] [142/215] Completed kernel-results/SMC_TX_WORK_DELAY/2.input.txt at 2025-11-30 02:25:27
[INFO] [161/215] kernel-results/TCP_DELACK_MAX/5.input.txt, 2025-11-30 02:11:33 -> 2025-11-30 02:25:27
[SUCCESS] [161/215] Completed kernel-results/TCP_DELACK_MAX/5.input.txt at 2025-11-30 02:27:42
[INFO] [184/215] kernel-results/TCP_MAX_QUICKACKS/5.input.txt, 2025-11-30 02:11:33 -> 2025-11-30 02:27:42
[SUCCESS] [184/215] Completed kernel-results/TCP_MAX_QUICKACKS/5.input.txt at 2025-11-30 02:30:24
[INFO] [212/215] kernel-results/TCP_TIMEOUT_MIN_US/2.input.txt, 2025-11-30 02:11:33 -> 2025-11-30 02:30:24
[SUCCESS] [212/215] Completed kernel-results/TCP_TIMEOUT_MIN_US/2.input.txt at 2025-11-30 02:32:36
[INFO] [24/215] kernel-results/BUSY_POLL_BUDGET/1.input.txt, 2025-11-30 02:11:33 -> 2025-11-30 02:11:33
[SUCCESS] [24/215] Completed kernel-results/BUSY_POLL_BUDGET/1.input.txt at 2025-11-30 02:13:39
[INFO] [33/215] kernel-results/GET_PAGE_MAX_RETRY_NUM/1.input.txt, 2025-11-30 02:11:33 -> 2025-11-30 02:13:39
[SUCCESS] [33/215] Completed kernel-results/GET_PAGE_MAX_RETRY_NUM/1.input.txt at 2025-11-30 02:15:57
[INFO] [61/215] kernel-results/IWALK_MAX_INODE_PREFETCH/3.input.txt, 2025-11-30 02:11:33 -> 2025-11-30 02:15:57
[SUCCESS] [61/215] Completed kernel-results/IWALK_MAX_INODE_PREFETCH/3.input.txt at 2025-11-30 02:18:49
[INFO] [106/215] kernel-results/NR_MAX_MIGRATE_PAGES_RETRY/2.input.txt, 2025-11-30 02:11:33 -> 2025-11-30 02:18:49
[SUCCESS] [106/215] Completed kernel-results/NR_MAX_MIGRATE_PAGES_RETRY/2.input.txt at 2025-11-30 02:27:27
[INFO] [179/215] kernel-results/TCP_INIT_CWND/9.input.txt, 2025-11-30 02:11:33 -> 2025-11-30 02:27:27
[SUCCESS] [179/215] Completed kernel-results/TCP_INIT_CWND/9.input.txt at 2025-11-30 02:30:09
[INFO] [204/215] kernel-results/TCP_RACK_RECOVERY_THRESH/2.input.txt, 2025-11-30 02:11:33 -> 2025-11-30 02:30:09
[SUCCESS] [204/215] Completed kernel-results/TCP_RACK_RECOVERY_THRESH/2.input.txt at 2025-11-30 02:32:36
[INFO] [8/215] kernel-results/AMT_SECRET_TIMEOUT/1.input.txt, 2025-11-30 02:11:33 -> 2025-11-30 02:11:33
[SUCCESS] [8/215] Completed kernel-results/AMT_SECRET_TIMEOUT/1.input.txt at 2025-11-30 02:13:39
[INFO] [32/215] kernel-results/EP_MAX_NESTS/2.input.txt, 2025-11-30 02:11:33 -> 2025-11-30 02:13:39
[SUCCESS] [32/215] Completed kernel-results/EP_MAX_NESTS/2.input.txt at 2025-11-30 02:15:57
[INFO] [60/215] kernel-results/IWALK_MAX_INODE_PREFETCH/2.input.txt, 2025-11-30 02:11:33 -> 2025-11-30 02:15:57
[SUCCESS] [60/215] Completed kernel-results/IWALK_MAX_INODE_PREFETCH/2.input.txt at 2025-11-30 02:18:25
[INFO] [93/215] kernel-results/NFS_JUKEBOX_RETRY_TIME/19.input.txt, 2025-11-30 02:11:33 -> 2025-11-30 02:18:25
[SUCCESS] [93/215] Completed kernel-results/NFS_JUKEBOX_RETRY_TIME/19.input.txt at 2025-11-30 02:20:33
[INFO] [115/215] kernel-results/PIE_SCALE/2.input.txt, 2025-11-30 02:11:33 -> 2025-11-30 02:20:33
[SUCCESS] [115/215] Completed kernel-results/PIE_SCALE/2.input.txt at 2025-11-30 02:27:16
[INFO] [175/215] kernel-results/TCP_INIT_CWND/5.input.txt, 2025-11-30 02:11:33 -> 2025-11-30 02:27:16
[SUCCESS] [175/215] Completed kernel-results/TCP_INIT_CWND/5.input.txt at 2025-11-30 02:30:07
[INFO] [203/215] kernel-results/TCP_RACK_RECOVERY_THRESH/1.input.txt, 2025-11-30 02:11:33 -> 2025-11-30 02:30:07
[SUCCESS] [203/215] Completed kernel-results/TCP_RACK_RECOVERY_THRESH/1.input.txt at 2025-11-30 02:32:47
[INFO] [16/215] kernel-results/BLK_MQ_CPU_WORK_BATCH/1.input.txt, 2025-11-30 02:11:33 -> 2025-11-30 02:11:33
[SUCCESS] [16/215] Completed kernel-results/BLK_MQ_CPU_WORK_BATCH/1.input.txt at 2025-11-30 02:13:43
[INFO] [40/215] kernel-results/IORING_MAX_ENTRIES/4.input.txt, 2025-11-30 02:11:33 -> 2025-11-30 02:13:43
[SUCCESS] [40/215] Completed kernel-results/IORING_MAX_ENTRIES/4.input.txt at 2025-11-30 02:16:13
[INFO] [79/215] kernel-results/MAX_SLACK/9.input.txt, 2025-11-30 02:11:33 -> 2025-11-30 02:16:13
[SUCCESS] [79/215] Completed kernel-results/MAX_SLACK/9.input.txt at 2025-11-30 02:18:23
[INFO] [88/215] kernel-results/NFS_JUKEBOX_RETRY_TIME/14.input.txt, 2025-11-30 02:11:33 -> 2025-11-30 02:18:23
[SUCCESS] [88/215] Completed kernel-results/NFS_JUKEBOX_RETRY_TIME/14.input.txt at 2025-11-30 02:20:31
[INFO] [112/215] kernel-results/PEEK_MAX_IMPORT/1.input.txt, 2025-11-30 02:11:33 -> 2025-11-30 02:20:31
[SUCCESS] [112/215] Completed kernel-results/PEEK_MAX_IMPORT/1.input.txt at 2025-11-30 02:22:53
[INFO] [135/215] kernel-results/SHMEM_MAX_IQ_TIME/1.input.txt, 2025-11-30 02:11:33 -> 2025-11-30 02:22:53
[SUCCESS] [135/215] Completed kernel-results/SHMEM_MAX_IQ_TIME/1.input.txt at 2025-11-30 02:25:07
[INFO] [155/215] kernel-results/TCP_ATO_MIN/8.input.txt, 2025-11-30 02:11:33 -> 2025-11-30 02:25:07
[SUCCESS] [155/215] Completed kernel-results/TCP_ATO_MIN/8.input.txt at 2025-11-30 02:27:19
[INFO] [176/215] kernel-results/TCP_INIT_CWND/6.input.txt, 2025-11-30 02:11:33 -> 2025-11-30 02:27:19
[SUCCESS] [176/215] Completed kernel-results/TCP_INIT_CWND/6.input.txt at 2025-11-30 02:30:18
[INFO] [209/215] kernel-results/TCP_TIMEOUT_MIN/3.input.txt, 2025-11-30 02:11:33 -> 2025-11-30 02:30:18
[SUCCESS] [209/215] Completed kernel-results/TCP_TIMEOUT_MIN/3.input.txt at 2025-11-30 02:32:43
[INFO] [12/215] kernel-results/BLK_MAX_REQUEST_COUNT/2.input.txt, 2025-11-30 02:11:33 -> 2025-11-30 02:11:33
[SUCCESS] [12/215] Completed kernel-results/BLK_MAX_REQUEST_COUNT/2.input.txt at 2025-11-30 02:13:58
[INFO] [55/215] kernel-results/IPVS_SYNC_SEND_DELAY/1.input.txt, 2025-11-30 02:11:33 -> 2025-11-30 02:13:58
[SUCCESS] [55/215] Completed kernel-results/IPVS_SYNC_SEND_DELAY/1.input.txt at 2025-11-30 02:16:05
[INFO] [69/215] kernel-results/MAX_NR_FOLIOS_PER_FREE/2.input.txt, 2025-11-30 02:11:33 -> 2025-11-30 02:16:05
[SUCCESS] [69/215] Completed kernel-results/MAX_NR_FOLIOS_PER_FREE/2.input.txt at 2025-11-30 02:18:31
[INFO] [96/215] kernel-results/NFS_JUKEBOX_RETRY_TIME/21.input.txt, 2025-11-30 02:11:33 -> 2025-11-30 02:18:31
[SUCCESS] [96/215] Completed kernel-results/NFS_JUKEBOX_RETRY_TIME/21.input.txt at 2025-11-30 02:20:40
[INFO] [119/215] kernel-results/QUEUE_THRESHOLD/1.input.txt, 2025-11-30 02:11:33 -> 2025-11-30 02:20:40
[SUCCESS] [119/215] Completed kernel-results/QUEUE_THRESHOLD/1.input.txt at 2025-11-30 02:23:00
[INFO] [137/215] kernel-results/SHRINK_BATCH/2.input.txt, 2025-11-30 02:11:33 -> 2025-11-30 02:23:00
[SUCCESS] [137/215] Completed kernel-results/SHRINK_BATCH/2.input.txt at 2025-11-30 02:25:22
[INFO] [160/215] kernel-results/TCP_DELACK_MAX/4.input.txt, 2025-11-30 02:11:33 -> 2025-11-30 02:25:22
[SUCCESS] [160/215] Completed kernel-results/TCP_DELACK_MAX/4.input.txt at 2025-11-30 02:27:32
[INFO] [181/215] kernel-results/TCP_MAX_QUICKACKS/2.input.txt, 2025-11-30 02:11:33 -> 2025-11-30 02:27:32
[SUCCESS] [181/215] Completed kernel-results/TCP_MAX_QUICKACKS/2.input.txt at 2025-11-30 02:30:14
[INFO] [207/215] kernel-results/TCP_TIMEOUT_MIN/1.input.txt, 2025-11-30 02:11:33 -> 2025-11-30 02:30:14
[SUCCESS] [207/215] Completed kernel-results/TCP_TIMEOUT_MIN/1.input.txt at 2025-11-30 02:32:43
[INFO] [3/215] kernel-results/AMT_DISCOVERY_TIMEOUT/1.input.txt, 2025-11-30 02:11:33 -> 2025-11-30 02:11:33
[SUCCESS] [3/215] Completed kernel-results/AMT_DISCOVERY_TIMEOUT/1.input.txt at 2025-11-30 02:13:39
[INFO] [34/215] kernel-results/GET_PAGE_MAX_RETRY_NUM/2.input.txt, 2025-11-30 02:11:33 -> 2025-11-30 02:13:39
[SUCCESS] [34/215] Completed kernel-results/GET_PAGE_MAX_RETRY_NUM/2.input.txt at 2025-11-30 02:16:02
[INFO] [66/215] kernel-results/MAX_INOBT_WALK_PREFETCH/1.input.txt, 2025-11-30 02:11:33 -> 2025-11-30 02:16:02
[SUCCESS] [66/215] Completed kernel-results/MAX_INOBT_WALK_PREFETCH/1.input.txt at 2025-11-30 02:18:35
[INFO] [99/215] kernel-results/NFS_JUKEBOX_RETRY_TIME/4.input.txt, 2025-11-30 02:11:33 -> 2025-11-30 02:18:35
[SUCCESS] [99/215] Completed kernel-results/NFS_JUKEBOX_RETRY_TIME/4.input.txt at 2025-11-30 02:20:44
[INFO] [121/215] kernel-results/QUEUE_THRESHOLD/3.input.txt, 2025-11-30 02:11:33 -> 2025-11-30 02:20:44
[SUCCESS] [121/215] Completed kernel-results/QUEUE_THRESHOLD/3.input.txt at 2025-11-30 02:23:04
[INFO] [139/215] kernel-results/SHRINK_DIVISOR/1.input.txt, 2025-11-30 02:11:33 -> 2025-11-30 02:23:04
[SUCCESS] [139/215] Completed kernel-results/SHRINK_DIVISOR/1.input.txt at 2025-11-30 02:25:18
[INFO] [158/215] kernel-results/TCP_DELACK_MAX/2.input.txt, 2025-11-30 02:11:33 -> 2025-11-30 02:25:18
[SUCCESS] [158/215] Completed kernel-results/TCP_DELACK_MAX/2.input.txt at 2025-11-30 02:27:37
[INFO] [182/215] kernel-results/TCP_MAX_QUICKACKS/3.input.txt, 2025-11-30 02:11:33 -> 2025-11-30 02:27:37
[SUCCESS] [182/215] Completed kernel-results/TCP_MAX_QUICKACKS/3.input.txt at 2025-11-30 02:30:32
[INFO] [214/215] kernel-results/WORKER_INIT_LIMIT/2.input.txt, 2025-11-30 02:11:33 -> 2025-11-30 02:30:32
[SUCCESS] [214/215] Completed kernel-results/WORKER_INIT_LIMIT/2.input.txt at 2025-11-30 02:32:50
[INFO] [25/215] kernel-results/BUSY_POLL_BUDGET/2.input.txt, 2025-11-30 02:11:33 -> 2025-11-30 02:11:33
[SUCCESS] [25/215] Completed kernel-results/BUSY_POLL_BUDGET/2.input.txt at 2025-11-30 02:13:42
[INFO] [39/215] kernel-results/IORING_MAX_ENTRIES/3.input.txt, 2025-11-30 02:11:33 -> 2025-11-30 02:13:42
[SUCCESS] [39/215] Completed kernel-results/IORING_MAX_ENTRIES/3.input.txt at 2025-11-30 02:16:01
[INFO] [65/215] kernel-results/MAX_GRO_SKBS/1.input.txt, 2025-11-30 02:11:33 -> 2025-11-30 02:16:01
[SUCCESS] [65/215] Completed kernel-results/MAX_GRO_SKBS/1.input.txt at 2025-11-30 02:18:17
[INFO] [87/215] kernel-results/NFS_JUKEBOX_RETRY_TIME/13.input.txt, 2025-11-30 02:11:33 -> 2025-11-30 02:18:17
[SUCCESS] [87/215] Completed kernel-results/NFS_JUKEBOX_RETRY_TIME/13.input.txt at 2025-11-30 02:20:28
[INFO] [111/215] kernel-results/PCPU_SLOT_FAIL_THRESHOLD/1.input.txt, 2025-11-30 02:11:33 -> 2025-11-30 02:20:28
[SUCCESS] [111/215] Completed kernel-results/PCPU_SLOT_FAIL_THRESHOLD/1.input.txt at 2025-11-30 02:22:55
[INFO] [136/215] kernel-results/SHRINK_BATCH/1.input.txt, 2025-11-30 02:11:33 -> 2025-11-30 02:22:55
[SUCCESS] [136/215] Completed kernel-results/SHRINK_BATCH/1.input.txt at 2025-11-30 02:25:12
[INFO] [157/215] kernel-results/TCP_DELACK_MAX/1.input.txt, 2025-11-30 02:11:33 -> 2025-11-30 02:25:12
[SUCCESS] [157/215] Completed kernel-results/TCP_DELACK_MAX/1.input.txt at 2025-11-30 02:27:39
[INFO] [183/215] kernel-results/TCP_MAX_QUICKACKS/4.input.txt, 2025-11-30 02:11:33 -> 2025-11-30 02:27:39
[SUCCESS] [183/215] Completed kernel-results/TCP_MAX_QUICKACKS/4.input.txt at 2025-11-30 02:30:23
[INFO] [211/215] kernel-results/TCP_TIMEOUT_MIN_US/1.input.txt, 2025-11-30 02:11:33 -> 2025-11-30 02:30:23
[SUCCESS] [211/215] Completed kernel-results/TCP_TIMEOUT_MIN_US/1.input.txt at 2025-11-30 02:32:49
[INFO] [5/215] kernel-results/AMT_INIT_REQ_TIMEOUT/1.input.txt, 2025-11-30 02:11:33 -> 2025-11-30 02:11:33
[SUCCESS] [5/215] Completed kernel-results/AMT_INIT_REQ_TIMEOUT/1.input.txt at 2025-11-30 02:13:43
[INFO] [43/215] kernel-results/IO_LOCAL_TW_DEFAULT_MAX/3.input.txt, 2025-11-30 02:11:33 -> 2025-11-30 02:13:43
[SUCCESS] [43/215] Completed kernel-results/IO_LOCAL_TW_DEFAULT_MAX/3.input.txt at 2025-11-30 02:15:58
[INFO] [63/215] kernel-results/LAST_INO_BATCH/1.input.txt, 2025-11-30 02:11:33 -> 2025-11-30 02:15:58
[SUCCESS] [63/215] Completed kernel-results/LAST_INO_BATCH/1.input.txt at 2025-11-30 02:18:24
[INFO] [90/215] kernel-results/NFS_JUKEBOX_RETRY_TIME/16.input.txt, 2025-11-30 02:11:33 -> 2025-11-30 02:18:24
[SUCCESS] [90/215] Completed kernel-results/NFS_JUKEBOX_RETRY_TIME/16.input.txt at 2025-11-30 02:20:32
[INFO] [114/215] kernel-results/PIE_SCALE/1.input.txt, 2025-11-30 02:11:33 -> 2025-11-30 02:20:32
[SUCCESS] [114/215] Completed kernel-results/PIE_SCALE/1.input.txt at 2025-11-30 02:23:15
[INFO] [141/215] kernel-results/SMC_TX_WORK_DELAY/1.input.txt, 2025-11-30 02:11:33 -> 2025-11-30 02:23:15
[SUCCESS] [141/215] Completed kernel-results/SMC_TX_WORK_DELAY/1.input.txt at 2025-11-30 02:25:29
[INFO] [162/215] kernel-results/TCP_DELACK_MAX/6.input.txt, 2025-11-30 02:11:33 -> 2025-11-30 02:25:29
[SUCCESS] [162/215] Completed kernel-results/TCP_DELACK_MAX/6.input.txt at 2025-11-30 02:27:51
[INFO] [187/215] kernel-results/TCP_MAX_WSCALE/11.input.txt, 2025-11-30 02:11:33 -> 2025-11-30 02:27:51
[SUCCESS] [187/215] Completed kernel-results/TCP_MAX_WSCALE/11.input.txt at 2025-11-30 02:34:11
[INFO] [13/215] kernel-results/BLK_MIN_SG_TIMEOUT/1.input.txt, 2025-11-30 02:11:33 -> 2025-11-30 02:11:33
[SUCCESS] [13/215] Completed kernel-results/BLK_MIN_SG_TIMEOUT/1.input.txt at 2025-11-30 02:13:44
[INFO] [44/215] kernel-results/IO_LOCAL_TW_DEFAULT_MAX/4.input.txt, 2025-11-30 02:11:33 -> 2025-11-30 02:13:44
[SUCCESS] [44/215] Completed kernel-results/IO_LOCAL_TW_DEFAULT_MAX/4.input.txt at 2025-11-30 02:15:56
[INFO] [58/215] kernel-results/IPVS_SYNC_WAKEUP_RATE/3.input.txt, 2025-11-30 02:11:33 -> 2025-11-30 02:15:56
[SUCCESS] [58/215] Completed kernel-results/IPVS_SYNC_WAKEUP_RATE/3.input.txt at 2025-11-30 02:18:10
[INFO] [85/215] kernel-results/NFS_JUKEBOX_RETRY_TIME/11.input.txt, 2025-11-30 02:11:33 -> 2025-11-30 02:18:10
[SUCCESS] [85/215] Completed kernel-results/NFS_JUKEBOX_RETRY_TIME/11.input.txt at 2025-11-30 02:20:25
[INFO] [110/215] kernel-results/OOM_REAPER_DELAY/3.input.txt, 2025-11-30 02:11:33 -> 2025-11-30 02:20:25
[SUCCESS] [110/215] Completed kernel-results/OOM_REAPER_DELAY/3.input.txt at 2025-11-30 02:22:52
[INFO] [134/215] kernel-results/SHMEM_MAX_DQ_TIME/1.input.txt, 2025-11-30 02:11:33 -> 2025-11-30 02:22:52
[SUCCESS] [134/215] Completed kernel-results/SHMEM_MAX_DQ_TIME/1.input.txt at 2025-11-30 02:25:09
[INFO] [156/215] kernel-results/TCP_ATO_MIN/9.input.txt, 2025-11-30 02:11:33 -> 2025-11-30 02:25:09
[SUCCESS] [156/215] Completed kernel-results/TCP_ATO_MIN/9.input.txt at 2025-11-30 02:27:21
[INFO] [177/215] kernel-results/TCP_INIT_CWND/7.input.txt, 2025-11-30 02:11:33 -> 2025-11-30 02:27:21
[SUCCESS] [177/215] Completed kernel-results/TCP_INIT_CWND/7.input.txt at 2025-11-30 02:30:28
[INFO] [213/215] kernel-results/WORKER_INIT_LIMIT/1.input.txt, 2025-11-30 02:11:33 -> 2025-11-30 02:30:28
[SUCCESS] [213/215] Completed kernel-results/WORKER_INIT_LIMIT/1.input.txt at 2025-11-30 02:32:55
[INFO] [26/215] kernel-results/BUSY_POLL_BUDGET/3.input.txt, 2025-11-30 02:11:33 -> 2025-11-30 02:11:33
[SUCCESS] [26/215] Completed kernel-results/BUSY_POLL_BUDGET/3.input.txt at 2025-11-30 02:13:40
[INFO] [36/215] kernel-results/GSSD_MIN_TIMEOUT/1.input.txt, 2025-11-30 02:11:33 -> 2025-11-30 02:13:40
[SUCCESS] [36/215] Completed kernel-results/GSSD_MIN_TIMEOUT/1.input.txt at 2025-11-30 02:16:16
[INFO] [80/215] kernel-results/MLD_MAX_SKBS/1.input.txt, 2025-11-30 02:11:33 -> 2025-11-30 02:16:16
[SUCCESS] [80/215] Completed kernel-results/MLD_MAX_SKBS/1.input.txt at 2025-11-30 02:18:35
[INFO] [98/215] kernel-results/NFS_JUKEBOX_RETRY_TIME/3.input.txt, 2025-11-30 02:11:33 -> 2025-11-30 02:18:35
[SUCCESS] [98/215] Completed kernel-results/NFS_JUKEBOX_RETRY_TIME/3.input.txt at 2025-11-30 02:20:55
[INFO] [127/215] kernel-results/SBQ_WAKE_BATCH/2.input.txt, 2025-11-30 02:11:33 -> 2025-11-30 02:20:55
[SUCCESS] [127/215] Completed kernel-results/SBQ_WAKE_BATCH/2.input.txt at 2025-11-30 02:25:03
[INFO] [154/215] kernel-results/TCP_ATO_MIN/7.input.txt, 2025-11-30 02:11:33 -> 2025-11-30 02:25:03
[SUCCESS] [154/215] Completed kernel-results/TCP_ATO_MIN/7.input.txt at 2025-11-30 02:27:47
[INFO] [186/215] kernel-results/TCP_MAX_WSCALE/10.input.txt, 2025-11-30 02:11:33 -> 2025-11-30 02:27:47
[SUCCESS] [186/215] Completed kernel-results/TCP_MAX_WSCALE/10.input.txt at 2025-11-30 02:34:14
[INFO] [14/215] kernel-results/BLK_MIN_SG_TIMEOUT/2.input.txt, 2025-11-30 02:11:33 -> 2025-11-30 02:11:33
[SUCCESS] [14/215] Completed kernel-results/BLK_MIN_SG_TIMEOUT/2.input.txt at 2025-11-30 02:13:49
[INFO] [47/215] kernel-results/IO_POLL_REF_BIAS/3.input.txt, 2025-11-30 02:11:33 -> 2025-11-30 02:13:49
[SUCCESS] [47/215] Completed kernel-results/IO_POLL_REF_BIAS/3.input.txt at 2025-11-30 02:16:06
[INFO] [72/215] kernel-results/MAX_SLACK/2.input.txt, 2025-11-30 02:11:33 -> 2025-11-30 02:16:06
[SUCCESS] [72/215] Completed kernel-results/MAX_SLACK/2.input.txt at 2025-11-30 02:18:30
[INFO] [94/215] kernel-results/NFS_JUKEBOX_RETRY_TIME/2.input.txt, 2025-11-30 02:11:33 -> 2025-11-30 02:18:30
[SUCCESS] [94/215] Completed kernel-results/NFS_JUKEBOX_RETRY_TIME/2.input.txt at 2025-11-30 02:20:53
[INFO] [125/215] kernel-results/RDS_IB_RECYCLE_BATCH_COUNT/1.input.txt, 2025-11-30 02:11:33 -> 2025-11-30 02:20:53
[SUCCESS] [125/215] Completed kernel-results/RDS_IB_RECYCLE_BATCH_COUNT/1.input.txt at 2025-11-30 02:23:14
[INFO] [140/215] kernel-results/SMC_LGR_NUM_INCR/1.input.txt, 2025-11-30 02:11:33 -> 2025-11-30 02:23:14
[SUCCESS] [140/215] Completed kernel-results/SMC_LGR_NUM_INCR/1.input.txt at 2025-11-30 02:26:05
[INFO] [167/215] kernel-results/TCP_INIT_CWND/10.input.txt, 2025-11-30 02:11:33 -> 2025-11-30 02:26:05
[SUCCESS] [167/215] Completed kernel-results/TCP_INIT_CWND/10.input.txt at 2025-11-30 02:28:18
[INFO] [193/215] kernel-results/TCP_MAX_WSCALE/2.input.txt, 2025-11-30 02:11:33 -> 2025-11-30 02:28:18
[SUCCESS] [193/215] Completed kernel-results/TCP_MAX_WSCALE/2.input.txt at 2025-11-30 02:30:37
[INFO] [215/215] kernel-results/XFS_DISCARD_MAX_EXAMINE/1.input.txt, 2025-11-30 02:11:33 -> 2025-11-30 02:30:37
[SUCCESS] [215/215] Completed kernel-results/XFS_DISCARD_MAX_EXAMINE/1.input.txt at 2025-11-30 02:33:08
[INFO] [11/215] kernel-results/BLK_MAX_REQUEST_COUNT/1.input.txt, 2025-11-30 02:11:33 -> 2025-11-30 02:11:33
[SUCCESS] [11/215] Completed kernel-results/BLK_MAX_REQUEST_COUNT/1.input.txt at 2025-11-30 02:38:29
[INFO] [17/215] kernel-results/BLK_MQ_CPU_WORK_BATCH/2.input.txt, 2025-11-30 02:11:33 -> 2025-11-30 02:11:33
[SUCCESS] [17/215] Completed kernel-results/BLK_MQ_CPU_WORK_BATCH/2.input.txt at 2025-11-30 02:15:28
[INFO] [57/215] kernel-results/IPVS_SYNC_WAKEUP_RATE/2.input.txt, 2025-11-30 02:11:33 -> 2025-11-30 02:15:28
[SUCCESS] [57/215] Completed kernel-results/IPVS_SYNC_WAKEUP_RATE/2.input.txt at 2025-11-30 02:17:44
[INFO] [84/215] kernel-results/NFS_JUKEBOX_RETRY_TIME/10.input.txt, 2025-11-30 02:11:33 -> 2025-11-30 02:17:44
[SUCCESS] [84/215] Completed kernel-results/NFS_JUKEBOX_RETRY_TIME/10.input.txt at 2025-11-30 02:19:53
[INFO] [109/215] kernel-results/OOM_REAPER_DELAY/2.input.txt, 2025-11-30 02:11:33 -> 2025-11-30 02:19:53
[SUCCESS] [109/215] Completed kernel-results/OOM_REAPER_DELAY/2.input.txt at 2025-11-30 02:22:30
[INFO] [132/215] kernel-results/SBQ_WAKE_BATCH/7.input.txt, 2025-11-30 02:11:33 -> 2025-11-30 02:22:30
[SUCCESS] [132/215] Completed kernel-results/SBQ_WAKE_BATCH/7.input.txt at 2025-11-30 02:25:47
[INFO] [165/215] kernel-results/TCP_DELACK_MIN/3.input.txt, 2025-11-30 02:11:33 -> 2025-11-30 02:25:47
[SUCCESS] [165/215] Completed kernel-results/TCP_DELACK_MIN/3.input.txt at 2025-11-30 02:28:16
[INFO] [192/215] kernel-results/TCP_MAX_WSCALE/16.input.txt, 2025-11-30 02:11:33 -> 2025-11-30 02:28:16
[SUCCESS] [192/215] Completed kernel-results/TCP_MAX_WSCALE/16.input.txt at 2025-11-30 02:34:43
[INFO] [20/215] kernel-results/BLK_MQ_MAX_DEPTH/3.input.txt, 2025-11-30 02:11:33 -> 2025-11-30 02:11:33
[SUCCESS] [20/215] Completed kernel-results/BLK_MQ_MAX_DEPTH/3.input.txt at 2025-11-30 02:29:42
[INFO] [199/215] kernel-results/TCP_MAX_WSCALE/8.input.txt, 2025-11-30 02:11:33 -> 2025-11-30 02:29:42
[SUCCESS] [199/215] Completed kernel-results/TCP_MAX_WSCALE/8.input.txt at 2025-11-30 03:36:49
[INFO] [29/215] kernel-results/DFR_MAX/1.input.txt, 2025-11-30 02:11:33 -> 2025-11-30 02:11:33
[SUCCESS] [29/215] Completed kernel-results/DFR_MAX/1.input.txt at 2025-11-30 02:13:51
[INFO] [50/215] kernel-results/IO_POLL_REF_BIAS/6.input.txt, 2025-11-30 02:11:33 -> 2025-11-30 02:13:51
[SUCCESS] [50/215] Completed kernel-results/IO_POLL_REF_BIAS/6.input.txt at 2025-11-30 02:16:09
[INFO] [76/215] kernel-results/MAX_SLACK/6.input.txt, 2025-11-30 02:11:33 -> 2025-11-30 02:16:09
[SUCCESS] [76/215] Completed kernel-results/MAX_SLACK/6.input.txt at 2025-11-30 02:18:24
[INFO] [89/215] kernel-results/NFS_JUKEBOX_RETRY_TIME/15.input.txt, 2025-11-30 02:11:33 -> 2025-11-30 02:18:24
[SUCCESS] [89/215] Completed kernel-results/NFS_JUKEBOX_RETRY_TIME/15.input.txt at 2025-11-30 02:20:32
[INFO] [113/215] kernel-results/PEEK_MAX_IMPORT/2.input.txt, 2025-11-30 02:11:33 -> 2025-11-30 02:20:32
[SUCCESS] [113/215] Completed kernel-results/PEEK_MAX_IMPORT/2.input.txt at 2025-11-30 02:22:45
[INFO] [133/215] kernel-results/SBQ_WAKE_BATCH/8.input.txt, 2025-11-30 02:11:33 -> 2025-11-30 02:22:45
[SUCCESS] [133/215] Completed kernel-results/SBQ_WAKE_BATCH/8.input.txt at 2025-11-30 02:25:52
[INFO] [166/215] kernel-results/TCP_INIT_CWND/1.input.txt, 2025-11-30 02:11:33 -> 2025-11-30 02:25:52
[SUCCESS] [166/215] Completed kernel-results/TCP_INIT_CWND/1.input.txt at 2025-11-30 02:28:09
[INFO] [191/215] kernel-results/TCP_MAX_WSCALE/15.input.txt, 2025-11-30 02:11:33 -> 2025-11-30 02:28:09
[SUCCESS] [191/215] Completed kernel-results/TCP_MAX_WSCALE/15.input.txt at 2025-11-30 02:42:22

================================================================================
All jobs completed!
Started:  2025-11-30 02:11:33
Finished: 2025-11-30 03:36:49


Summary: 215 succeeded, 0 failed out of 215 total
================================================================================
