[INFO] Found 400 input files to process
[INFO] Using 50 parallel jobs

Starting parallel processing at 2025-12-02 06:37:51

[INFO] [28/400] kernel-results/BLKDEV_DEFAULT_RQ/3.input.txt, 2025-12-02 06:37:51 -> 2025-12-02 06:37:51
[SUCCESS] [28/400] Completed kernel-results/BLKDEV_DEFAULT_RQ/3.input.txt at 2025-12-02 06:42:39
[INFO] [92/400] kernel-results/BTRFS_MAX_BIO_SECTORS/1.input.txt, 2025-12-02 06:37:51 -> 2025-12-02 06:42:39
[SUCCESS] [92/400] Completed kernel-results/BTRFS_MAX_BIO_SECTORS/1.input.txt at 2025-12-02 07:07:17
[INFO] [318/400] kernel-results/TCP_INIT_CWND/6.input.txt, 2025-12-02 06:37:51 -> 2025-12-02 07:07:17
[SUCCESS] [318/400] Completed kernel-results/TCP_INIT_CWND/6.input.txt at 2025-12-02 07:11:32
[INFO] [335/400] kernel-results/TCP_MAX_WSCALE/2.input.txt, 2025-12-02 06:37:51 -> 2025-12-02 07:11:32
[SUCCESS] [335/400] Completed kernel-results/TCP_MAX_WSCALE/2.input.txt at 2025-12-02 07:14:25
[INFO] [338/400] kernel-results/TCP_MAX_WSCALE/5.input.txt, 2025-12-02 06:37:51 -> 2025-12-02 07:14:25
[SUCCESS] [338/400] Completed kernel-results/TCP_MAX_WSCALE/5.input.txt at 2025-12-02 07:17:58
[INFO] [350/400] kernel-results/TCP_TIMEOUT_MIN/2.input.txt, 2025-12-02 06:37:51 -> 2025-12-02 07:17:58
[SUCCESS] [350/400] Completed kernel-results/TCP_TIMEOUT_MIN/2.input.txt at 2025-12-02 07:20:51
[INFO] [362/400] kernel-results/XFS_DISCARD_MAX_EXAMINE/1.input.txt, 2025-12-02 06:37:51 -> 2025-12-02 07:20:51
[SUCCESS] [362/400] Completed kernel-results/XFS_DISCARD_MAX_EXAMINE/1.input.txt at 2025-12-02 07:24:01
[INFO] [372/400] kernel-results/bfq_late_stable_merging/1.input.txt, 2025-12-02 06:37:51 -> 2025-12-02 07:24:01
[SUCCESS] [372/400] Completed kernel-results/bfq_late_stable_merging/1.input.txt at 2025-12-02 07:27:15
[INFO] [387/400] kernel-results/fits_capacity/1.input.txt, 2025-12-02 06:37:51 -> 2025-12-02 07:27:15
[SUCCESS] [387/400] Completed kernel-results/fits_capacity/1.input.txt at 2025-12-02 07:30:18
[INFO] [3/400] kernel-results/ALLOC_CACHE_MAX/1.input.txt, 2025-12-02 06:37:51 -> 2025-12-02 06:37:51
[SUCCESS] [3/400] Completed kernel-results/ALLOC_CACHE_MAX/1.input.txt at 2025-12-02 06:40:30
[INFO] [53/400] kernel-results/BLK_MQ_DISPATCH_BUSY_EWMA_WEIGHT/6.input.txt, 2025-12-02 06:37:51 -> 2025-12-02 06:40:30
[SUCCESS] [53/400] Completed kernel-results/BLK_MQ_DISPATCH_BUSY_EWMA_WEIGHT/6.input.txt at 2025-12-02 06:45:18
[INFO] [126/400] kernel-results/IO_LOCAL_TW_DEFAULT_MAX/1.input.txt, 2025-12-02 06:37:51 -> 2025-12-02 06:45:18
[SUCCESS] [126/400] Completed kernel-results/IO_LOCAL_TW_DEFAULT_MAX/1.input.txt at 2025-12-02 06:48:24
[INFO] [163/400] kernel-results/MAX_PARTIAL_TO_SCAN/3.input.txt, 2025-12-02 06:37:51 -> 2025-12-02 06:48:24
[SUCCESS] [163/400] Completed kernel-results/MAX_PARTIAL_TO_SCAN/3.input.txt at 2025-12-02 06:58:12
[INFO] [254/400] kernel-results/RBIO_CACHE_SIZE/1.input.txt, 2025-12-02 06:37:51 -> 2025-12-02 06:58:12
[SUCCESS] [254/400] Completed kernel-results/RBIO_CACHE_SIZE/1.input.txt at 2025-12-02 07:01:19
[INFO] [275/400] kernel-results/SHRINK_BATCH/1.input.txt, 2025-12-02 06:37:51 -> 2025-12-02 07:01:19
[SUCCESS] [275/400] Completed kernel-results/SHRINK_BATCH/1.input.txt at 2025-12-02 07:09:53
[INFO] [330/400] kernel-results/TCP_MAX_WSCALE/12.input.txt, 2025-12-02 06:37:51 -> 2025-12-02 07:09:53
[SUCCESS] [330/400] Completed kernel-results/TCP_MAX_WSCALE/12.input.txt at 2025-12-02 07:21:41
[INFO] [363/400] kernel-results/XFS_ICOUNT_BATCH/1.input.txt, 2025-12-02 06:37:51 -> 2025-12-02 07:21:41
[SUCCESS] [363/400] Completed kernel-results/XFS_ICOUNT_BATCH/1.input.txt at 2025-12-02 07:24:27
[INFO] [374/400] kernel-results/bfq_stats_min_budgets/1.input.txt, 2025-12-02 06:37:51 -> 2025-12-02 07:24:27
[SUCCESS] [374/400] Completed kernel-results/bfq_stats_min_budgets/1.input.txt at 2025-12-02 07:27:31
[INFO] [388/400] kernel-results/fits_capacity/2.input.txt, 2025-12-02 06:37:51 -> 2025-12-02 07:27:31
[SUCCESS] [388/400] Completed kernel-results/fits_capacity/2.input.txt at 2025-12-02 07:30:32
[INFO] [18/400] kernel-results/BFQ_MIN_TT/1.input.txt, 2025-12-02 06:37:51 -> 2025-12-02 06:37:51
[SUCCESS] [18/400] Completed kernel-results/BFQ_MIN_TT/1.input.txt at 2025-12-02 06:40:58
[INFO] [77/400] kernel-results/BTRFS_DELAYED_BACKGROUND/9.input.txt, 2025-12-02 06:37:51 -> 2025-12-02 06:40:58
[SUCCESS] [77/400] Completed kernel-results/BTRFS_DELAYED_BACKGROUND/9.input.txt at 2025-12-02 06:44:25
[INFO] [117/400] kernel-results/GET_PAGE_MAX_RETRY_NUM/1.input.txt, 2025-12-02 06:37:51 -> 2025-12-02 06:44:25
[SUCCESS] [117/400] Completed kernel-results/GET_PAGE_MAX_RETRY_NUM/1.input.txt at 2025-12-02 06:47:16
[INFO] [145/400] kernel-results/IWALK_MAX_INODE_PREFETCH/2.input.txt, 2025-12-02 06:37:51 -> 2025-12-02 06:47:16
[SUCCESS] [145/400] Completed kernel-results/IWALK_MAX_INODE_PREFETCH/2.input.txt at 2025-12-02 06:50:25
[INFO] [181/400] kernel-results/MAX_SLACK/7.input.txt, 2025-12-02 06:37:51 -> 2025-12-02 06:50:25
[SUCCESS] [181/400] Completed kernel-results/MAX_SLACK/7.input.txt at 2025-12-02 06:53:31
[INFO] [208/400] kernel-results/NFS_JUKEBOX_RETRY_TIME/14.input.txt, 2025-12-02 06:37:51 -> 2025-12-02 06:53:31
[SUCCESS] [208/400] Completed kernel-results/NFS_JUKEBOX_RETRY_TIME/14.input.txt at 2025-12-02 06:56:30
[INFO] [235/400] kernel-results/NUMA_PERIOD_THRESHOLD/1.input.txt, 2025-12-02 06:37:51 -> 2025-12-02 06:56:30
[SUCCESS] [235/400] Completed kernel-results/NUMA_PERIOD_THRESHOLD/1.input.txt at 2025-12-02 06:59:35
[INFO] [261/400] kernel-results/SBQ_WAKE_BATCH/2.input.txt, 2025-12-02 06:37:51 -> 2025-12-02 06:59:35
[SUCCESS] [261/400] Completed kernel-results/SBQ_WAKE_BATCH/2.input.txt at 2025-12-02 07:06:29
[INFO] [313/400] kernel-results/TCP_INIT_CWND/14.input.txt, 2025-12-02 06:37:51 -> 2025-12-02 07:06:29
[SUCCESS] [313/400] Completed kernel-results/TCP_INIT_CWND/14.input.txt at 2025-12-02 07:09:52
[INFO] [329/400] kernel-results/TCP_MAX_WSCALE/11.input.txt, 2025-12-02 06:37:51 -> 2025-12-02 07:09:52
[SUCCESS] [329/400] Completed kernel-results/TCP_MAX_WSCALE/11.input.txt at 2025-12-02 07:27:42
[INFO] [390/400] kernel-results/fits_capacity/4.input.txt, 2025-12-02 06:37:51 -> 2025-12-02 07:27:42
[SUCCESS] [390/400] Completed kernel-results/fits_capacity/4.input.txt at 2025-12-02 07:30:47
[INFO] [39/400] kernel-results/BLK_MQ_DISPATCH_BUSY_EWMA_FACTOR/2.input.txt, 2025-12-02 06:37:51 -> 2025-12-02 06:37:51
[SUCCESS] [39/400] Completed kernel-results/BLK_MQ_DISPATCH_BUSY_EWMA_FACTOR/2.input.txt at 2025-12-02 07:23:54
[INFO] [371/400] kernel-results/bfq_default_max_budget/5.input.txt, 2025-12-02 06:37:51 -> 2025-12-02 07:23:54
[SUCCESS] [371/400] Completed kernel-results/bfq_default_max_budget/5.input.txt at 2025-12-02 07:30:29
[INFO] [10/400] kernel-results/AMT_SECRET_TIMEOUT/1.input.txt, 2025-12-02 06:37:51 -> 2025-12-02 06:37:51
[SUCCESS] [10/400] Completed kernel-results/AMT_SECRET_TIMEOUT/1.input.txt at 2025-12-02 06:40:41
[INFO] [60/400] kernel-results/BLK_MQ_MAX_DEPTH/4.input.txt, 2025-12-02 06:37:51 -> 2025-12-02 06:40:41
[SUCCESS] [60/400] Completed kernel-results/BLK_MQ_MAX_DEPTH/4.input.txt at 2025-12-02 07:15:50
[INFO] [343/400] kernel-results/TCP_PLB_SCALE/1.input.txt, 2025-12-02 06:37:51 -> 2025-12-02 07:15:50
[SUCCESS] [343/400] Completed kernel-results/TCP_PLB_SCALE/1.input.txt at 2025-12-02 07:19:08
[INFO] [356/400] kernel-results/UTIL_EST_MARGIN/1.input.txt, 2025-12-02 06:37:51 -> 2025-12-02 07:19:08
[SUCCESS] [356/400] Completed kernel-results/UTIL_EST_MARGIN/1.input.txt at 2025-12-02 07:22:07
[INFO] [365/400] kernel-results/bfq_back_max/1.input.txt, 2025-12-02 06:37:51 -> 2025-12-02 07:22:07
[SUCCESS] [365/400] Completed kernel-results/bfq_back_max/1.input.txt at 2025-12-02 07:24:49
[INFO] [376/400] kernel-results/bfq_stats_min_budgets/3.input.txt, 2025-12-02 06:37:51 -> 2025-12-02 07:24:49
[SUCCESS] [376/400] Completed kernel-results/bfq_stats_min_budgets/3.input.txt at 2025-12-02 07:28:03
[INFO] [392/400] kernel-results/fits_capacity/6.input.txt, 2025-12-02 06:37:51 -> 2025-12-02 07:28:03
[SUCCESS] [392/400] Completed kernel-results/fits_capacity/6.input.txt at 2025-12-02 07:31:02
[INFO] [16/400] kernel-results/BFQ_HW_QUEUE_THRESHOLD/3.input.txt, 2025-12-02 06:37:51 -> 2025-12-02 06:37:51
[SUCCESS] [16/400] Completed kernel-results/BFQ_HW_QUEUE_THRESHOLD/3.input.txt at 2025-12-02 06:41:02
[INFO] [78/400] kernel-results/BTRFS_DELAYED_BATCH/1.input.txt, 2025-12-02 06:37:51 -> 2025-12-02 06:41:02
[SUCCESS] [78/400] Completed kernel-results/BTRFS_DELAYED_BATCH/1.input.txt at 2025-12-02 06:44:24
[INFO] [116/400] kernel-results/EP_MAX_NESTS/2.input.txt, 2025-12-02 06:37:51 -> 2025-12-02 06:44:24
[SUCCESS] [116/400] Completed kernel-results/EP_MAX_NESTS/2.input.txt at 2025-12-02 06:47:45
[INFO] [154/400] kernel-results/MAX_GRO_SKBS/1.input.txt, 2025-12-02 06:37:51 -> 2025-12-02 06:47:45
[SUCCESS] [154/400] Completed kernel-results/MAX_GRO_SKBS/1.input.txt at 2025-12-02 06:50:46
[INFO] [183/400] kernel-results/MAX_SLACK/9.input.txt, 2025-12-02 06:37:51 -> 2025-12-02 06:50:46
[SUCCESS] [183/400] Completed kernel-results/MAX_SLACK/9.input.txt at 2025-12-02 06:56:25
[INFO] [234/400] kernel-results/NUMA_MIGRATION_ADJUST_STEPS/1.input.txt, 2025-12-02 06:37:51 -> 2025-12-02 06:56:25
[SUCCESS] [234/400] Completed kernel-results/NUMA_MIGRATION_ADJUST_STEPS/1.input.txt at 2025-12-02 07:01:08
[INFO] [273/400] kernel-results/SHMEM_MAX_DQ_TIME/1.input.txt, 2025-12-02 06:37:51 -> 2025-12-02 07:01:08
[SUCCESS] [273/400] Completed kernel-results/SHMEM_MAX_DQ_TIME/1.input.txt at 2025-12-02 07:04:00
[INFO] [291/400] kernel-results/TCP_ATO_MIN/2.input.txt, 2025-12-02 06:37:51 -> 2025-12-02 07:04:00
[SUCCESS] [291/400] Completed kernel-results/TCP_ATO_MIN/2.input.txt at 2025-12-02 07:07:10
[INFO] [317/400] kernel-results/TCP_INIT_CWND/5.input.txt, 2025-12-02 06:37:51 -> 2025-12-02 07:07:10
[SUCCESS] [317/400] Completed kernel-results/TCP_INIT_CWND/5.input.txt at 2025-12-02 07:11:20
[INFO] [334/400] kernel-results/TCP_MAX_WSCALE/16.input.txt, 2025-12-02 06:37:51 -> 2025-12-02 07:11:20
[SUCCESS] [334/400] Completed kernel-results/TCP_MAX_WSCALE/16.input.txt at 2025-12-02 07:20:42
[INFO] [359/400] kernel-results/VMA_PID_RESET_PERIOD/2.input.txt, 2025-12-02 06:37:51 -> 2025-12-02 07:20:42
[SUCCESS] [359/400] Completed kernel-results/VMA_PID_RESET_PERIOD/2.input.txt at 2025-12-02 07:24:22
[INFO] [373/400] kernel-results/bfq_late_stable_merging/2.input.txt, 2025-12-02 06:37:51 -> 2025-12-02 07:24:22
[SUCCESS] [373/400] Completed kernel-results/bfq_late_stable_merging/2.input.txt at 2025-12-02 07:27:33
[INFO] [389/400] kernel-results/fits_capacity/3.input.txt, 2025-12-02 06:37:51 -> 2025-12-02 07:27:33
[SUCCESS] [389/400] Completed kernel-results/fits_capacity/3.input.txt at 2025-12-02 07:30:50
[INFO] [43/400] kernel-results/BLK_MQ_DISPATCH_BUSY_EWMA_WEIGHT/11.input.txt, 2025-12-02 06:37:51 -> 2025-12-02 06:37:51
[SUCCESS] [43/400] Completed kernel-results/BLK_MQ_DISPATCH_BUSY_EWMA_WEIGHT/11.input.txt at 2025-12-02 06:40:57
[INFO] [76/400] kernel-results/BTRFS_DELAYED_BACKGROUND/8.input.txt, 2025-12-02 06:37:51 -> 2025-12-02 06:40:57
[SUCCESS] [76/400] Completed kernel-results/BTRFS_DELAYED_BACKGROUND/8.input.txt at 2025-12-02 06:43:49
[INFO] [101/400] kernel-results/DEF_MAX_RECLAIM_PREFREE_SEGMENTS/2.input.txt, 2025-12-02 06:37:51 -> 2025-12-02 06:43:49
[SUCCESS] [101/400] Completed kernel-results/DEF_MAX_RECLAIM_PREFREE_SEGMENTS/2.input.txt at 2025-12-02 06:46:36
[INFO] [136/400] kernel-results/IO_POLL_REF_BIAS/7.input.txt, 2025-12-02 06:37:51 -> 2025-12-02 06:46:36
[SUCCESS] [136/400] Completed kernel-results/IO_POLL_REF_BIAS/7.input.txt at 2025-12-02 06:49:50
[INFO] [175/400] kernel-results/MAX_SLACK/1.input.txt, 2025-12-02 06:37:51 -> 2025-12-02 06:49:50
[SUCCESS] [175/400] Completed kernel-results/MAX_SLACK/1.input.txt at 2025-12-02 06:53:02
[INFO] [206/400] kernel-results/NFS_JUKEBOX_RETRY_TIME/12.input.txt, 2025-12-02 06:37:51 -> 2025-12-02 06:53:02
[SUCCESS] [206/400] Completed kernel-results/NFS_JUKEBOX_RETRY_TIME/12.input.txt at 2025-12-02 06:56:00
[INFO] [231/400] kernel-results/NUMA_IMBALANCE_MIN/1.input.txt, 2025-12-02 06:37:51 -> 2025-12-02 06:56:00
[SUCCESS] [231/400] Completed kernel-results/NUMA_IMBALANCE_MIN/1.input.txt at 2025-12-02 06:59:39
[INFO] [262/400] kernel-results/SBQ_WAKE_BATCH/3.input.txt, 2025-12-02 06:37:51 -> 2025-12-02 06:59:39
[SUCCESS] [262/400] Completed kernel-results/SBQ_WAKE_BATCH/3.input.txt at 2025-12-02 07:18:52
[INFO] [355/400] kernel-results/Try_KLP_bad_case/1.input.txt, 2025-12-02 06:37:51 -> 2025-12-02 07:18:52
[SUCCESS] [355/400] Completed kernel-results/Try_KLP_bad_case/1.input.txt at 2025-12-02 07:21:46
[INFO] [364/400] kernel-results/bfq_activation_stable_merging/1.input.txt, 2025-12-02 06:37:51 -> 2025-12-02 07:21:46
[SUCCESS] [364/400] Completed kernel-results/bfq_activation_stable_merging/1.input.txt at 2025-12-02 07:25:13
[INFO] [378/400] kernel-results/bfq_stats_min_budgets/5.input.txt, 2025-12-02 06:37:51 -> 2025-12-02 07:25:13
[SUCCESS] [378/400] Completed kernel-results/bfq_stats_min_budgets/5.input.txt at 2025-12-02 07:28:10
[INFO] [393/400] kernel-results/fits_capacity/7.input.txt, 2025-12-02 06:37:51 -> 2025-12-02 07:28:10
[SUCCESS] [393/400] Completed kernel-results/fits_capacity/7.input.txt at 2025-12-02 07:31:16
[INFO] [15/400] kernel-results/BFQ_HW_QUEUE_THRESHOLD/2.input.txt, 2025-12-02 06:37:51 -> 2025-12-02 06:37:51
[SUCCESS] [15/400] Completed kernel-results/BFQ_HW_QUEUE_THRESHOLD/2.input.txt at 2025-12-02 06:40:30
[INFO] [54/400] kernel-results/BLK_MQ_DISPATCH_BUSY_EWMA_WEIGHT/7.input.txt, 2025-12-02 06:37:51 -> 2025-12-02 06:40:30
[SUCCESS] [54/400] Completed kernel-results/BLK_MQ_DISPATCH_BUSY_EWMA_WEIGHT/7.input.txt at 2025-12-02 07:25:08
[INFO] [377/400] kernel-results/bfq_stats_min_budgets/4.input.txt, 2025-12-02 06:37:51 -> 2025-12-02 07:25:08
[SUCCESS] [377/400] Completed kernel-results/bfq_stats_min_budgets/4.input.txt at 2025-12-02 07:28:21
[INFO] [394/400] kernel-results/fits_capacity/8.input.txt, 2025-12-02 06:37:51 -> 2025-12-02 07:28:21
[SUCCESS] [394/400] Completed kernel-results/fits_capacity/8.input.txt at 2025-12-02 07:31:37
[INFO] [42/400] kernel-results/BLK_MQ_DISPATCH_BUSY_EWMA_WEIGHT/10.input.txt, 2025-12-02 06:37:51 -> 2025-12-02 06:37:51
[SUCCESS] [42/400] Completed kernel-results/BLK_MQ_DISPATCH_BUSY_EWMA_WEIGHT/10.input.txt at 2025-12-02 07:24:46
[INFO] [375/400] kernel-results/bfq_stats_min_budgets/2.input.txt, 2025-12-02 06:37:51 -> 2025-12-02 07:24:46
[SUCCESS] [375/400] Completed kernel-results/bfq_stats_min_budgets/2.input.txt at 2025-12-02 07:27:52
[INFO] [391/400] kernel-results/fits_capacity/5.input.txt, 2025-12-02 06:37:51 -> 2025-12-02 07:27:52
[SUCCESS] [391/400] Completed kernel-results/fits_capacity/5.input.txt at 2025-12-02 07:31:04
[INFO] [24/400] kernel-results/BH_WORKER_JIFFIES/1.input.txt, 2025-12-02 06:37:51 -> 2025-12-02 06:37:51
[SUCCESS] [24/400] Completed kernel-results/BH_WORKER_JIFFIES/1.input.txt at 2025-12-02 06:40:36
[INFO] [56/400] kernel-results/BLK_MQ_DISPATCH_BUSY_EWMA_WEIGHT/9.input.txt, 2025-12-02 06:37:51 -> 2025-12-02 06:40:36
[SUCCESS] [56/400] Completed kernel-results/BLK_MQ_DISPATCH_BUSY_EWMA_WEIGHT/9.input.txt at 2025-12-02 07:25:19
[INFO] [379/400] kernel-results/ca__delay_min/1.input.txt, 2025-12-02 06:37:51 -> 2025-12-02 07:25:19
[SUCCESS] [379/400] Completed kernel-results/ca__delay_min/1.input.txt at 2025-12-02 07:28:41
[INFO] [395/400] kernel-results/group_faults/1.input.txt, 2025-12-02 06:37:51 -> 2025-12-02 07:28:41
[SUCCESS] [395/400] Completed kernel-results/group_faults/1.input.txt at 2025-12-02 07:32:21
[INFO] [35/400] kernel-results/BLK_MQ_BUDGET_DELAY/2.input.txt, 2025-12-02 06:37:51 -> 2025-12-02 06:37:51
[SUCCESS] [35/400] Completed kernel-results/BLK_MQ_BUDGET_DELAY/2.input.txt at 2025-12-02 06:40:23
[INFO] [52/400] kernel-results/BLK_MQ_DISPATCH_BUSY_EWMA_WEIGHT/5.input.txt, 2025-12-02 06:37:51 -> 2025-12-02 06:40:23
[SUCCESS] [52/400] Completed kernel-results/BLK_MQ_DISPATCH_BUSY_EWMA_WEIGHT/5.input.txt at 2025-12-02 06:44:56
[INFO] [123/400] kernel-results/IORING_MAX_ENTRIES/2.input.txt, 2025-12-02 06:37:51 -> 2025-12-02 06:44:56
[SUCCESS] [123/400] Completed kernel-results/IORING_MAX_ENTRIES/2.input.txt at 2025-12-02 06:59:47
[INFO] [263/400] kernel-results/SBQ_WAKE_BATCH/4.input.txt, 2025-12-02 06:37:51 -> 2025-12-02 06:59:47
[SUCCESS] [263/400] Completed kernel-results/SBQ_WAKE_BATCH/4.input.txt at 2025-12-02 07:19:33
[INFO] [358/400] kernel-results/VMA_PID_RESET_PERIOD/1.input.txt, 2025-12-02 06:37:51 -> 2025-12-02 07:19:33
[SUCCESS] [358/400] Completed kernel-results/VMA_PID_RESET_PERIOD/1.input.txt at 2025-12-02 07:22:56
[INFO] [367/400] kernel-results/bfq_default_max_budget/1.input.txt, 2025-12-02 06:37:51 -> 2025-12-02 07:22:56
[SUCCESS] [367/400] Completed kernel-results/bfq_default_max_budget/1.input.txt at 2025-12-02 07:25:35
[INFO] [382/400] kernel-results/capacity_greater/1.input.txt, 2025-12-02 06:37:51 -> 2025-12-02 07:25:35
[SUCCESS] [382/400] Completed kernel-results/capacity_greater/1.input.txt at 2025-12-02 07:28:41
[INFO] [396/400] kernel-results/max_service_from_wr/1.input.txt, 2025-12-02 06:37:51 -> 2025-12-02 07:28:41
[SUCCESS] [396/400] Completed kernel-results/max_service_from_wr/1.input.txt at 2025-12-02 07:31:48
[INFO] [9/400] kernel-results/AMT_MAX_REQ_TIMEOUT/1.input.txt, 2025-12-02 06:37:51 -> 2025-12-02 06:37:51
[SUCCESS] [9/400] Completed kernel-results/AMT_MAX_REQ_TIMEOUT/1.input.txt at 2025-12-02 06:41:33
[INFO] [88/400] kernel-results/BTRFS_DELAYED_BATCH/8.input.txt, 2025-12-02 06:37:51 -> 2025-12-02 06:41:33
[SUCCESS] [88/400] Completed kernel-results/BTRFS_DELAYED_BATCH/8.input.txt at 2025-12-02 06:44:28
[INFO] [119/400] kernel-results/GET_PAGE_MAX_RETRY_NUM/3.input.txt, 2025-12-02 06:37:51 -> 2025-12-02 06:44:28
[SUCCESS] [119/400] Completed kernel-results/GET_PAGE_MAX_RETRY_NUM/3.input.txt at 2025-12-02 06:47:37
[INFO] [152/400] kernel-results/LAST_INO_BATCH/1.input.txt, 2025-12-02 06:37:51 -> 2025-12-02 06:47:37
[SUCCESS] [152/400] Completed kernel-results/LAST_INO_BATCH/1.input.txt at 2025-12-02 06:50:58
[INFO] [185/400] kernel-results/MAX_SOFTIRQ_TIME/1.input.txt, 2025-12-02 06:37:51 -> 2025-12-02 06:50:58
[SUCCESS] [185/400] Completed kernel-results/MAX_SOFTIRQ_TIME/1.input.txt at 2025-12-02 06:54:34
[INFO] [218/400] kernel-results/NFS_JUKEBOX_RETRY_TIME/3.input.txt, 2025-12-02 06:37:51 -> 2025-12-02 06:54:34
[SUCCESS] [218/400] Completed kernel-results/NFS_JUKEBOX_RETRY_TIME/3.input.txt at 2025-12-02 06:57:27
[INFO] [247/400] kernel-results/PIE_SCALE/2.input.txt, 2025-12-02 06:37:51 -> 2025-12-02 06:57:27
[SUCCESS] [247/400] Completed kernel-results/PIE_SCALE/2.input.txt at 2025-12-02 07:06:44
[INFO] [314/400] kernel-results/TCP_INIT_CWND/2.input.txt, 2025-12-02 06:37:51 -> 2025-12-02 07:06:44
[SUCCESS] [314/400] Completed kernel-results/TCP_INIT_CWND/2.input.txt at 2025-12-02 07:09:50
[INFO] [328/400] kernel-results/TCP_MAX_WSCALE/10.input.txt, 2025-12-02 06:37:51 -> 2025-12-02 07:09:50
[SUCCESS] [328/400] Completed kernel-results/TCP_MAX_WSCALE/10.input.txt at 2025-12-02 07:25:49
[INFO] [383/400] kernel-results/capacity_greater/2.input.txt, 2025-12-02 06:37:51 -> 2025-12-02 07:25:49
[SUCCESS] [383/400] Completed kernel-results/capacity_greater/2.input.txt at 2025-12-02 07:28:55
[INFO] [397/400] kernel-results/node_stamp__2__TICK_NSEC/1.input.txt, 2025-12-02 06:37:51 -> 2025-12-02 07:28:55
[SUCCESS] [397/400] Completed kernel-results/node_stamp__2__TICK_NSEC/1.input.txt at 2025-12-02 07:32:32
[INFO] [7/400] kernel-results/AMT_INIT_REQ_TIMEOUT/1.input.txt, 2025-12-02 06:37:51 -> 2025-12-02 06:37:51
[SUCCESS] [7/400] Completed kernel-results/AMT_INIT_REQ_TIMEOUT/1.input.txt at 2025-12-02 06:41:05
[INFO] [80/400] kernel-results/BTRFS_DELAYED_BATCH/11.input.txt, 2025-12-02 06:37:51 -> 2025-12-02 06:41:05
[SUCCESS] [80/400] Completed kernel-results/BTRFS_DELAYED_BATCH/11.input.txt at 2025-12-02 06:44:14
[INFO] [110/400] kernel-results/DEF_PRIORITY/8.input.txt, 2025-12-02 06:37:51 -> 2025-12-02 06:44:14
[SUCCESS] [110/400] Completed kernel-results/DEF_PRIORITY/8.input.txt at 2025-12-02 06:47:23
[INFO] [147/400] kernel-results/IWALK_MAX_INODE_PREFETCH/4.input.txt, 2025-12-02 06:37:51 -> 2025-12-02 06:47:23
[SUCCESS] [147/400] Completed kernel-results/IWALK_MAX_INODE_PREFETCH/4.input.txt at 2025-12-02 06:50:54
[INFO] [184/400] kernel-results/MAX_SOFTIRQ_RESTART/1.input.txt, 2025-12-02 06:37:51 -> 2025-12-02 06:50:54
[SUCCESS] [184/400] Completed kernel-results/MAX_SOFTIRQ_RESTART/1.input.txt at 2025-12-02 06:54:20
[INFO] [213/400] kernel-results/NFS_JUKEBOX_RETRY_TIME/19.input.txt, 2025-12-02 06:37:51 -> 2025-12-02 06:54:20
[SUCCESS] [213/400] Completed kernel-results/NFS_JUKEBOX_RETRY_TIME/19.input.txt at 2025-12-02 06:57:21
[INFO] [245/400] kernel-results/PEEK_MAX_IMPORT/2.input.txt, 2025-12-02 06:37:51 -> 2025-12-02 06:57:21
[SUCCESS] [245/400] Completed kernel-results/PEEK_MAX_IMPORT/2.input.txt at 2025-12-02 07:25:30
[INFO] [381/400] kernel-results/ca__delay_min/3.input.txt, 2025-12-02 06:37:51 -> 2025-12-02 07:25:30
[SUCCESS] [381/400] Completed kernel-results/ca__delay_min/3.input.txt at 2025-12-02 07:29:01
[INFO] [399/400] kernel-results/numa_scan_seq/1.input.txt, 2025-12-02 06:37:51 -> 2025-12-02 07:29:01
[SUCCESS] [399/400] Completed kernel-results/numa_scan_seq/1.input.txt at 2025-12-02 07:32:00
[INFO] [36/400] kernel-results/BLK_MQ_CPU_WORK_BATCH/1.input.txt, 2025-12-02 06:37:51 -> 2025-12-02 06:37:51
[SUCCESS] [36/400] Completed kernel-results/BLK_MQ_CPU_WORK_BATCH/1.input.txt at 2025-12-02 06:40:38
[INFO] [58/400] kernel-results/BLK_MQ_MAX_DEPTH/2.input.txt, 2025-12-02 06:37:51 -> 2025-12-02 06:40:38
[SUCCESS] [58/400] Completed kernel-results/BLK_MQ_MAX_DEPTH/2.input.txt at 2025-12-02 06:43:46
[INFO] [100/400] kernel-results/DEF_MAX_RECLAIM_PREFREE_SEGMENTS/1.input.txt, 2025-12-02 06:37:51 -> 2025-12-02 06:43:46
[SUCCESS] [100/400] Completed kernel-results/DEF_MAX_RECLAIM_PREFREE_SEGMENTS/1.input.txt at 2025-12-02 06:47:10
[INFO] [144/400] kernel-results/IWALK_MAX_INODE_PREFETCH/1.input.txt, 2025-12-02 06:37:51 -> 2025-12-02 06:47:10
[SUCCESS] [144/400] Completed kernel-results/IWALK_MAX_INODE_PREFETCH/1.input.txt at 2025-12-02 06:51:56
[INFO] [201/400] kernel-results/NFSD_LAUNDRETTE_DELAY/1.input.txt, 2025-12-02 06:37:51 -> 2025-12-02 06:51:56
[SUCCESS] [201/400] Completed kernel-results/NFSD_LAUNDRETTE_DELAY/1.input.txt at 2025-12-02 06:54:37
[INFO] [220/400] kernel-results/NFS_JUKEBOX_RETRY_TIME/5.input.txt, 2025-12-02 06:37:51 -> 2025-12-02 06:54:37
[SUCCESS] [220/400] Completed kernel-results/NFS_JUKEBOX_RETRY_TIME/5.input.txt at 2025-12-02 06:57:29
[INFO] [248/400] kernel-results/PIE_SCALE/3.input.txt, 2025-12-02 06:37:51 -> 2025-12-02 06:57:29
[SUCCESS] [248/400] Completed kernel-results/PIE_SCALE/3.input.txt at 2025-12-02 07:01:49
[INFO] [278/400] kernel-results/SHRINK_DIVISOR/1.input.txt, 2025-12-02 06:37:51 -> 2025-12-02 07:01:49
[SUCCESS] [278/400] Completed kernel-results/SHRINK_DIVISOR/1.input.txt at 2025-12-02 07:05:12
[INFO] [300/400] kernel-results/TCP_DELACK_MAX/2.input.txt, 2025-12-02 06:37:51 -> 2025-12-02 07:05:12
[SUCCESS] [300/400] Completed kernel-results/TCP_DELACK_MAX/2.input.txt at 2025-12-02 07:08:17
[INFO] [320/400] kernel-results/TCP_INIT_CWND/8.input.txt, 2025-12-02 06:37:51 -> 2025-12-02 07:08:17
[SUCCESS] [320/400] Completed kernel-results/TCP_INIT_CWND/8.input.txt at 2025-12-02 07:11:09
[INFO] [332/400] kernel-results/TCP_MAX_WSCALE/14.input.txt, 2025-12-02 06:37:51 -> 2025-12-02 07:11:09
[SUCCESS] [332/400] Completed kernel-results/TCP_MAX_WSCALE/14.input.txt at 2025-12-02 07:19:32
[INFO] [357/400] kernel-results/UTIL_EST_MARGIN/2.input.txt, 2025-12-02 06:37:51 -> 2025-12-02 07:19:32
[SUCCESS] [357/400] Completed kernel-results/UTIL_EST_MARGIN/2.input.txt at 2025-12-02 07:22:26
[INFO] [366/400] kernel-results/bfq_back_penalty/1.input.txt, 2025-12-02 06:37:51 -> 2025-12-02 07:22:26
[SUCCESS] [366/400] Completed kernel-results/bfq_back_penalty/1.input.txt at 2025-12-02 07:25:21
[INFO] [380/400] kernel-results/ca__delay_min/2.input.txt, 2025-12-02 06:37:51 -> 2025-12-02 07:25:21
[SUCCESS] [380/400] Completed kernel-results/ca__delay_min/2.input.txt at 2025-12-02 07:28:58
[INFO] [398/400] kernel-results/node_stamp__32__diff/1.input.txt, 2025-12-02 06:37:51 -> 2025-12-02 07:28:58
[SUCCESS] [398/400] Completed kernel-results/node_stamp__32__diff/1.input.txt at 2025-12-02 07:32:45
[INFO] [38/400] kernel-results/BLK_MQ_DISPATCH_BUSY_EWMA_FACTOR/1.input.txt, 2025-12-02 06:37:51 -> 2025-12-02 06:37:51
[SUCCESS] [38/400] Completed kernel-results/BLK_MQ_DISPATCH_BUSY_EWMA_FACTOR/1.input.txt at 2025-12-02 06:42:44
[INFO] [94/400] kernel-results/BUSY_POLL_BUDGET/2.input.txt, 2025-12-02 06:37:51 -> 2025-12-02 06:42:44
[SUCCESS] [94/400] Completed kernel-results/BUSY_POLL_BUDGET/2.input.txt at 2025-12-02 06:45:29
[INFO] [127/400] kernel-results/IO_LOCAL_TW_DEFAULT_MAX/2.input.txt, 2025-12-02 06:37:51 -> 2025-12-02 06:45:29
[SUCCESS] [127/400] Completed kernel-results/IO_LOCAL_TW_DEFAULT_MAX/2.input.txt at 2025-12-02 06:48:45
[INFO] [167/400] kernel-results/MAX_RA_NODE/1.input.txt, 2025-12-02 06:37:51 -> 2025-12-02 06:48:45
[SUCCESS] [167/400] Completed kernel-results/MAX_RA_NODE/1.input.txt at 2025-12-02 06:51:27
[INFO] [195/400] kernel-results/NFS4_POLL_RETRY_MAX/7.input.txt, 2025-12-02 06:37:51 -> 2025-12-02 06:51:27
[SUCCESS] [195/400] Completed kernel-results/NFS4_POLL_RETRY_MAX/7.input.txt at 2025-12-02 06:55:29
[INFO] [226/400] kernel-results/NR_MAX_BATCHED_MIGRATION/2.input.txt, 2025-12-02 06:37:51 -> 2025-12-02 06:55:29
[SUCCESS] [226/400] Completed kernel-results/NR_MAX_BATCHED_MIGRATION/2.input.txt at 2025-12-02 06:58:36
[INFO] [257/400] kernel-results/RCU_JIFFIES_FQS_DIV/3.input.txt, 2025-12-02 06:37:51 -> 2025-12-02 06:58:36
[SUCCESS] [257/400] Completed kernel-results/RCU_JIFFIES_FQS_DIV/3.input.txt at 2025-12-02 07:02:48
[INFO] [287/400] kernel-results/TCP_ATO_MIN/10.input.txt, 2025-12-02 06:37:51 -> 2025-12-02 07:02:48
[SUCCESS] [287/400] Completed kernel-results/TCP_ATO_MIN/10.input.txt at 2025-12-02 07:33:11
[INFO] [46/400] kernel-results/BLK_MQ_DISPATCH_BUSY_EWMA_WEIGHT/14.input.txt, 2025-12-02 06:37:51 -> 2025-12-02 06:37:51
[SUCCESS] [46/400] Completed kernel-results/BLK_MQ_DISPATCH_BUSY_EWMA_WEIGHT/14.input.txt at 2025-12-02 06:40:49
[INFO] [67/400] kernel-results/BOOST_GC_MULTIPLE/1.input.txt, 2025-12-02 06:37:51 -> 2025-12-02 06:40:49
[SUCCESS] [67/400] Completed kernel-results/BOOST_GC_MULTIPLE/1.input.txt at 2025-12-02 06:45:54
[INFO] [134/400] kernel-results/IO_POLL_REF_BIAS/5.input.txt, 2025-12-02 06:37:51 -> 2025-12-02 06:45:54
[SUCCESS] [134/400] Completed kernel-results/IO_POLL_REF_BIAS/5.input.txt at 2025-12-02 06:48:46
[INFO] [168/400] kernel-results/MAX_SCAN_WINDOW/1.input.txt, 2025-12-02 06:37:51 -> 2025-12-02 06:48:46
[SUCCESS] [168/400] Completed kernel-results/MAX_SCAN_WINDOW/1.input.txt at 2025-12-02 06:52:04
[INFO] [202/400] kernel-results/NFSD_LAUNDRETTE_DELAY/2.input.txt, 2025-12-02 06:37:51 -> 2025-12-02 06:52:04
[SUCCESS] [202/400] Completed kernel-results/NFSD_LAUNDRETTE_DELAY/2.input.txt at 2025-12-02 06:54:50
[INFO] [222/400] kernel-results/NFS_JUKEBOX_RETRY_TIME/7.input.txt, 2025-12-02 06:37:51 -> 2025-12-02 06:54:50
[SUCCESS] [222/400] Completed kernel-results/NFS_JUKEBOX_RETRY_TIME/7.input.txt at 2025-12-02 06:57:43
[INFO] [251/400] kernel-results/QUEUE_THRESHOLD/1.input.txt, 2025-12-02 06:37:51 -> 2025-12-02 06:57:43
[SUCCESS] [251/400] Completed kernel-results/QUEUE_THRESHOLD/1.input.txt at 2025-12-02 07:00:45
[INFO] [270/400] kernel-results/SCHED_NR_MIGRATE_BREAK/3.input.txt, 2025-12-02 06:37:51 -> 2025-12-02 07:00:45
[SUCCESS] [270/400] Completed kernel-results/SCHED_NR_MIGRATE_BREAK/3.input.txt at 2025-12-02 07:05:02
[INFO] [298/400] kernel-results/TCP_ATO_MIN/9.input.txt, 2025-12-02 06:37:51 -> 2025-12-02 07:05:02
[SUCCESS] [298/400] Completed kernel-results/TCP_ATO_MIN/9.input.txt at 2025-12-02 07:33:32
[INFO] [14/400] kernel-results/BFQ_HW_QUEUE_THRESHOLD/1.input.txt, 2025-12-02 06:37:51 -> 2025-12-02 06:37:51
[SUCCESS] [14/400] Completed kernel-results/BFQ_HW_QUEUE_THRESHOLD/1.input.txt at 2025-12-02 06:41:04
[INFO] [79/400] kernel-results/BTRFS_DELAYED_BATCH/10.input.txt, 2025-12-02 06:37:51 -> 2025-12-02 06:41:04
[SUCCESS] [79/400] Completed kernel-results/BTRFS_DELAYED_BATCH/10.input.txt at 2025-12-02 06:44:12
[INFO] [109/400] kernel-results/DEF_PRIORITY/7.input.txt, 2025-12-02 06:37:51 -> 2025-12-02 06:44:12
[SUCCESS] [109/400] Completed kernel-results/DEF_PRIORITY/7.input.txt at 2025-12-02 06:47:45
[INFO] [155/400] kernel-results/MAX_INOBT_WALK_PREFETCH/1.input.txt, 2025-12-02 06:37:51 -> 2025-12-02 06:47:45
[SUCCESS] [155/400] Completed kernel-results/MAX_INOBT_WALK_PREFETCH/1.input.txt at 2025-12-02 06:51:19
[INFO] [193/400] kernel-results/NFS4_POLL_RETRY_MAX/5.input.txt, 2025-12-02 06:37:51 -> 2025-12-02 06:51:19
[SUCCESS] [193/400] Completed kernel-results/NFS4_POLL_RETRY_MAX/5.input.txt at 2025-12-02 07:05:24
[INFO] [304/400] kernel-results/TCP_DELACK_MAX/6.input.txt, 2025-12-02 06:37:51 -> 2025-12-02 07:05:24
[SUCCESS] [304/400] Completed kernel-results/TCP_DELACK_MAX/6.input.txt at 2025-12-02 07:33:30
[INFO] [44/400] kernel-results/BLK_MQ_DISPATCH_BUSY_EWMA_WEIGHT/12.input.txt, 2025-12-02 06:37:51 -> 2025-12-02 06:37:51
[SUCCESS] [44/400] Completed kernel-results/BLK_MQ_DISPATCH_BUSY_EWMA_WEIGHT/12.input.txt at 2025-12-02 06:40:53
[INFO] [70/400] kernel-results/BTRFS_DELAYED_BACKGROUND/2.input.txt, 2025-12-02 06:37:51 -> 2025-12-02 06:40:53
[SUCCESS] [70/400] Completed kernel-results/BTRFS_DELAYED_BACKGROUND/2.input.txt at 2025-12-02 06:44:18
[INFO] [113/400] kernel-results/DFR_MAX/1.input.txt, 2025-12-02 06:37:51 -> 2025-12-02 06:44:18
[SUCCESS] [113/400] Completed kernel-results/DFR_MAX/1.input.txt at 2025-12-02 06:47:36
[INFO] [151/400] kernel-results/KFREE_DRAIN_JIFFIES/4.input.txt, 2025-12-02 06:37:51 -> 2025-12-02 06:47:36
[SUCCESS] [151/400] Completed kernel-results/KFREE_DRAIN_JIFFIES/4.input.txt at 2025-12-02 06:50:06
[INFO] [179/400] kernel-results/MAX_SLACK/5.input.txt, 2025-12-02 06:37:51 -> 2025-12-02 06:50:06
[SUCCESS] [179/400] Completed kernel-results/MAX_SLACK/5.input.txt at 2025-12-02 06:55:44
[INFO] [229/400] kernel-results/NR_MAX_MIGRATE_PAGES_RETRY/3.input.txt, 2025-12-02 06:37:51 -> 2025-12-02 06:55:44
[SUCCESS] [229/400] Completed kernel-results/NR_MAX_MIGRATE_PAGES_RETRY/3.input.txt at 2025-12-02 07:17:44
[INFO] [349/400] kernel-results/TCP_TIMEOUT_MIN/1.input.txt, 2025-12-02 06:37:51 -> 2025-12-02 07:17:44
[SUCCESS] [349/400] Completed kernel-results/TCP_TIMEOUT_MIN/1.input.txt at 2025-12-02 07:20:44
[INFO] [360/400] kernel-results/WORKER_INIT_LIMIT/1.input.txt, 2025-12-02 06:37:51 -> 2025-12-02 07:20:44
[SUCCESS] [360/400] Completed kernel-results/WORKER_INIT_LIMIT/1.input.txt at 2025-12-02 07:23:34
[INFO] [369/400] kernel-results/bfq_default_max_budget/3.input.txt, 2025-12-02 06:37:51 -> 2025-12-02 07:23:34
[SUCCESS] [369/400] Completed kernel-results/bfq_default_max_budget/3.input.txt at 2025-12-02 07:26:26
[INFO] [385/400] kernel-results/delta__4/1.input.txt, 2025-12-02 06:37:51 -> 2025-12-02 07:26:26
[SUCCESS] [385/400] Completed kernel-results/delta__4/1.input.txt at 2025-12-02 07:34:21
[INFO] [4/400] kernel-results/ALLOC_CACHE_THRESHOLD/1.input.txt, 2025-12-02 06:37:51 -> 2025-12-02 06:37:51
[SUCCESS] [4/400] Completed kernel-results/ALLOC_CACHE_THRESHOLD/1.input.txt at 2025-12-02 06:40:31
[INFO] [55/400] kernel-results/BLK_MQ_DISPATCH_BUSY_EWMA_WEIGHT/8.input.txt, 2025-12-02 06:37:51 -> 2025-12-02 06:40:31
[SUCCESS] [55/400] Completed kernel-results/BLK_MQ_DISPATCH_BUSY_EWMA_WEIGHT/8.input.txt at 2025-12-02 07:26:54
[INFO] [386/400] kernel-results/delta__freeable__2/1.input.txt, 2025-12-02 06:37:51 -> 2025-12-02 07:26:54
[SUCCESS] [386/400] Completed kernel-results/delta__freeable__2/1.input.txt at 2025-12-02 07:34:24
[INFO] [25/400] kernel-results/BH_WORKER_RESTARTS/1.input.txt, 2025-12-02 06:37:51 -> 2025-12-02 06:37:51
[SUCCESS] [25/400] Completed kernel-results/BH_WORKER_RESTARTS/1.input.txt at 2025-12-02 06:41:22
[INFO] [85/400] kernel-results/BTRFS_DELAYED_BATCH/5.input.txt, 2025-12-02 06:37:51 -> 2025-12-02 06:41:22
[SUCCESS] [85/400] Completed kernel-results/BTRFS_DELAYED_BATCH/5.input.txt at 2025-12-02 06:44:51
[INFO] [121/400] kernel-results/HARD_LEBS_LIMIT/1.input.txt, 2025-12-02 06:37:51 -> 2025-12-02 06:44:51
[SUCCESS] [121/400] Completed kernel-results/HARD_LEBS_LIMIT/1.input.txt at 2025-12-02 06:47:51
[INFO] [157/400] kernel-results/MAX_MKSPC_RETRIES/1.input.txt, 2025-12-02 06:37:51 -> 2025-12-02 06:47:51
[SUCCESS] [157/400] Completed kernel-results/MAX_MKSPC_RETRIES/1.input.txt at 2025-12-02 06:51:06
[INFO] [188/400] kernel-results/MULTISHOT_MAX_RETRY/1.input.txt, 2025-12-02 06:37:51 -> 2025-12-02 06:51:06
[SUCCESS] [188/400] Completed kernel-results/MULTISHOT_MAX_RETRY/1.input.txt at 2025-12-02 06:54:14
[INFO] [212/400] kernel-results/NFS_JUKEBOX_RETRY_TIME/18.input.txt, 2025-12-02 06:37:51 -> 2025-12-02 06:54:14
[SUCCESS] [212/400] Completed kernel-results/NFS_JUKEBOX_RETRY_TIME/18.input.txt at 2025-12-02 06:56:58
[INFO] [240/400] kernel-results/OOM_REAPER_DELAY/1.input.txt, 2025-12-02 06:37:51 -> 2025-12-02 06:56:58
[SUCCESS] [240/400] Completed kernel-results/OOM_REAPER_DELAY/1.input.txt at 2025-12-02 07:00:39
[INFO] [268/400] kernel-results/SCHED_NR_MIGRATE_BREAK/1.input.txt, 2025-12-02 06:37:51 -> 2025-12-02 07:00:39
[SUCCESS] [268/400] Completed kernel-results/SCHED_NR_MIGRATE_BREAK/1.input.txt at 2025-12-02 07:05:15
[INFO] [301/400] kernel-results/TCP_DELACK_MAX/3.input.txt, 2025-12-02 06:37:51 -> 2025-12-02 07:05:15
[SUCCESS] [301/400] Completed kernel-results/TCP_DELACK_MAX/3.input.txt at 2025-12-02 07:09:24
[INFO] [327/400] kernel-results/TCP_MAX_WSCALE/1.input.txt, 2025-12-02 06:37:51 -> 2025-12-02 07:09:24
[SUCCESS] [327/400] Completed kernel-results/TCP_MAX_WSCALE/1.input.txt at 2025-12-02 07:12:26
[INFO] [336/400] kernel-results/TCP_MAX_WSCALE/3.input.txt, 2025-12-02 06:37:51 -> 2025-12-02 07:12:26
[SUCCESS] [336/400] Completed kernel-results/TCP_MAX_WSCALE/3.input.txt at 2025-12-02 07:15:36
[INFO] [342/400] kernel-results/TCP_MAX_WSCALE/9.input.txt, 2025-12-02 06:37:51 -> 2025-12-02 07:15:36
[SUCCESS] [342/400] Completed kernel-results/TCP_MAX_WSCALE/9.input.txt at 2025-12-02 07:35:42
[INFO] [21/400] kernel-results/BFQ_MIN_TT/4.input.txt, 2025-12-02 06:37:51 -> 2025-12-02 06:37:51
[SUCCESS] [21/400] Completed kernel-results/BFQ_MIN_TT/4.input.txt at 2025-12-02 06:41:27
[INFO] [87/400] kernel-results/BTRFS_DELAYED_BATCH/7.input.txt, 2025-12-02 06:37:51 -> 2025-12-02 06:41:27
[SUCCESS] [87/400] Completed kernel-results/BTRFS_DELAYED_BATCH/7.input.txt at 2025-12-02 06:45:44
[INFO] [132/400] kernel-results/IO_POLL_REF_BIAS/3.input.txt, 2025-12-02 06:37:51 -> 2025-12-02 06:45:44
[SUCCESS] [132/400] Completed kernel-results/IO_POLL_REF_BIAS/3.input.txt at 2025-12-02 06:48:36
[INFO] [165/400] kernel-results/MAX_PARTIAL_TO_SCAN/5.input.txt, 2025-12-02 06:37:51 -> 2025-12-02 06:48:36
[SUCCESS] [165/400] Completed kernel-results/MAX_PARTIAL_TO_SCAN/5.input.txt at 2025-12-02 06:57:25
[INFO] [246/400] kernel-results/PIE_SCALE/1.input.txt, 2025-12-02 06:37:51 -> 2025-12-02 06:57:25
[SUCCESS] [246/400] Completed kernel-results/PIE_SCALE/1.input.txt at 2025-12-02 07:00:53
[INFO] [272/400] kernel-results/SEND_MAX_EXTENT_REFS/1.input.txt, 2025-12-02 06:37:51 -> 2025-12-02 07:00:53
[SUCCESS] [272/400] Completed kernel-results/SEND_MAX_EXTENT_REFS/1.input.txt at 2025-12-02 07:04:20
[INFO] [292/400] kernel-results/TCP_ATO_MIN/3.input.txt, 2025-12-02 06:37:51 -> 2025-12-02 07:04:20
[SUCCESS] [292/400] Completed kernel-results/TCP_ATO_MIN/3.input.txt at 2025-12-02 07:35:58
[INFO] [8/400] kernel-results/AMT_MAX_REQ_COUNT/1.input.txt, 2025-12-02 06:37:51 -> 2025-12-02 06:37:51
[SUCCESS] [8/400] Completed kernel-results/AMT_MAX_REQ_COUNT/1.input.txt at 2025-12-02 06:40:53
[INFO] [72/400] kernel-results/BTRFS_DELAYED_BACKGROUND/4.input.txt, 2025-12-02 06:37:51 -> 2025-12-02 06:40:53
[SUCCESS] [72/400] Completed kernel-results/BTRFS_DELAYED_BACKGROUND/4.input.txt at 2025-12-02 06:43:54
[INFO] [104/400] kernel-results/DEF_PRIORITY/2.input.txt, 2025-12-02 06:37:51 -> 2025-12-02 06:43:54
[SUCCESS] [104/400] Completed kernel-results/DEF_PRIORITY/2.input.txt at 2025-12-02 06:46:33
[INFO] [135/400] kernel-results/IO_POLL_REF_BIAS/6.input.txt, 2025-12-02 06:37:51 -> 2025-12-02 06:46:33
[SUCCESS] [135/400] Completed kernel-results/IO_POLL_REF_BIAS/6.input.txt at 2025-12-02 06:49:29
[INFO] [173/400] kernel-results/MAX_SCAN_WINDOW/6.input.txt, 2025-12-02 06:37:51 -> 2025-12-02 06:49:29
[SUCCESS] [173/400] Completed kernel-results/MAX_SCAN_WINDOW/6.input.txt at 2025-12-02 06:56:57
[INFO] [239/400] kernel-results/NUMA_PERIOD_THRESHOLD/5.input.txt, 2025-12-02 06:37:51 -> 2025-12-02 06:56:57
[SUCCESS] [239/400] Completed kernel-results/NUMA_PERIOD_THRESHOLD/5.input.txt at 2025-12-02 07:02:09
[INFO] [280/400] kernel-results/SMC_LGR_NUM_INCR/1.input.txt, 2025-12-02 06:37:51 -> 2025-12-02 07:02:09
[SUCCESS] [280/400] Completed kernel-results/SMC_LGR_NUM_INCR/1.input.txt at 2025-12-02 07:05:42
[INFO] [309/400] kernel-results/TCP_INIT_CWND/10.input.txt, 2025-12-02 06:37:51 -> 2025-12-02 07:05:42
[SUCCESS] [309/400] Completed kernel-results/TCP_INIT_CWND/10.input.txt at 2025-12-02 07:38:02
[INFO] [30/400] kernel-results/BLK_MAX_REQUEST_COUNT/2.input.txt, 2025-12-02 06:37:51 -> 2025-12-02 06:37:51
[SUCCESS] [30/400] Completed kernel-results/BLK_MAX_REQUEST_COUNT/2.input.txt at 2025-12-02 06:41:13
[INFO] [84/400] kernel-results/BTRFS_DELAYED_BATCH/4.input.txt, 2025-12-02 06:37:51 -> 2025-12-02 06:41:13
[SUCCESS] [84/400] Completed kernel-results/BTRFS_DELAYED_BATCH/4.input.txt at 2025-12-02 06:44:26
[INFO] [118/400] kernel-results/GET_PAGE_MAX_RETRY_NUM/2.input.txt, 2025-12-02 06:37:51 -> 2025-12-02 06:44:26
[SUCCESS] [118/400] Completed kernel-results/GET_PAGE_MAX_RETRY_NUM/2.input.txt at 2025-12-02 06:47:28
[INFO] [149/400] kernel-results/KFREE_DRAIN_JIFFIES/2.input.txt, 2025-12-02 06:37:51 -> 2025-12-02 06:47:28
[SUCCESS] [149/400] Completed kernel-results/KFREE_DRAIN_JIFFIES/2.input.txt at 2025-12-02 06:50:30
[INFO] [182/400] kernel-results/MAX_SLACK/8.input.txt, 2025-12-02 06:37:51 -> 2025-12-02 06:50:30
[SUCCESS] [182/400] Completed kernel-results/MAX_SLACK/8.input.txt at 2025-12-02 06:55:29
[INFO] [227/400] kernel-results/NR_MAX_MIGRATE_PAGES_RETRY/1.input.txt, 2025-12-02 06:37:51 -> 2025-12-02 06:55:29
[SUCCESS] [227/400] Completed kernel-results/NR_MAX_MIGRATE_PAGES_RETRY/1.input.txt at 2025-12-02 06:58:39
[INFO] [258/400] kernel-results/RC_EXPIRE/1.input.txt, 2025-12-02 06:37:51 -> 2025-12-02 06:58:39
[SUCCESS] [258/400] Completed kernel-results/RC_EXPIRE/1.input.txt at 2025-12-02 07:02:18
[INFO] [282/400] kernel-results/SMC_TX_WORK_DELAY/2.input.txt, 2025-12-02 06:37:51 -> 2025-12-02 07:02:18
[SUCCESS] [282/400] Completed kernel-results/SMC_TX_WORK_DELAY/2.input.txt at 2025-12-02 07:05:28
[INFO] [307/400] kernel-results/TCP_DELACK_MIN/3.input.txt, 2025-12-02 06:37:51 -> 2025-12-02 07:05:28
[SUCCESS] [307/400] Completed kernel-results/TCP_DELACK_MIN/3.input.txt at 2025-12-02 07:40:48
[INFO] [12/400] kernel-results/APOLL_MAX_RETRY/1.input.txt, 2025-12-02 06:37:51 -> 2025-12-02 06:37:51
[SUCCESS] [12/400] Completed kernel-results/APOLL_MAX_RETRY/1.input.txt at 2025-12-02 06:40:45
[INFO] [64/400] kernel-results/BLK_PLUG_FLUSH_SIZE/1.input.txt, 2025-12-02 06:37:51 -> 2025-12-02 06:40:45
[SUCCESS] [64/400] Completed kernel-results/BLK_PLUG_FLUSH_SIZE/1.input.txt at 2025-12-02 06:43:51
[INFO] [102/400] kernel-results/DEF_PRIORITY/1.input.txt, 2025-12-02 06:37:51 -> 2025-12-02 06:43:51
[SUCCESS] [102/400] Completed kernel-results/DEF_PRIORITY/1.input.txt at 2025-12-02 06:46:49
[INFO] [140/400] kernel-results/IPVS_SYNC_SEND_DELAY/1.input.txt, 2025-12-02 06:37:51 -> 2025-12-02 06:46:49
[SUCCESS] [140/400] Completed kernel-results/IPVS_SYNC_SEND_DELAY/1.input.txt at 2025-12-02 06:49:26
[INFO] [172/400] kernel-results/MAX_SCAN_WINDOW/5.input.txt, 2025-12-02 06:37:51 -> 2025-12-02 06:49:26
[SUCCESS] [172/400] Completed kernel-results/MAX_SCAN_WINDOW/5.input.txt at 2025-12-02 06:52:21
[INFO] [204/400] kernel-results/NFS_JUKEBOX_RETRY_TIME/10.input.txt, 2025-12-02 06:37:51 -> 2025-12-02 06:52:21
[SUCCESS] [204/400] Completed kernel-results/NFS_JUKEBOX_RETRY_TIME/10.input.txt at 2025-12-02 06:55:07
[INFO] [224/400] kernel-results/NFS_JUKEBOX_RETRY_TIME/9.input.txt, 2025-12-02 06:37:51 -> 2025-12-02 06:55:07
[SUCCESS] [224/400] Completed kernel-results/NFS_JUKEBOX_RETRY_TIME/9.input.txt at 2025-12-02 06:58:04
[INFO] [253/400] kernel-results/QUEUE_THRESHOLD/3.input.txt, 2025-12-02 06:37:51 -> 2025-12-02 06:58:04
[SUCCESS] [253/400] Completed kernel-results/QUEUE_THRESHOLD/3.input.txt at 2025-12-02 07:01:27
[INFO] [277/400] kernel-results/SHRINK_BATCH/3.input.txt, 2025-12-02 06:37:51 -> 2025-12-02 07:01:27
[SUCCESS] [277/400] Completed kernel-results/SHRINK_BATCH/3.input.txt at 2025-12-02 07:04:59
[INFO] [297/400] kernel-results/TCP_ATO_MIN/8.input.txt, 2025-12-02 06:37:51 -> 2025-12-02 07:04:59
[SUCCESS] [297/400] Completed kernel-results/TCP_ATO_MIN/8.input.txt at 2025-12-02 07:40:10
[INFO] [26/400] kernel-results/BLKDEV_DEFAULT_RQ/1.input.txt, 2025-12-02 06:37:51 -> 2025-12-02 06:37:51
[SUCCESS] [26/400] Completed kernel-results/BLKDEV_DEFAULT_RQ/1.input.txt at 2025-12-02 06:40:45
[INFO] [63/400] kernel-results/BLK_MQ_RESOURCE_DELAY/1.input.txt, 2025-12-02 06:37:51 -> 2025-12-02 06:40:45
[SUCCESS] [63/400] Completed kernel-results/BLK_MQ_RESOURCE_DELAY/1.input.txt at 2025-12-02 06:43:45
[INFO] [99/400] kernel-results/DEF_GC_THREAD_URGENT_SLEEP_TIME/1.input.txt, 2025-12-02 06:37:51 -> 2025-12-02 06:43:45
[SUCCESS] [99/400] Completed kernel-results/DEF_GC_THREAD_URGENT_SLEEP_TIME/1.input.txt at 2025-12-02 06:46:53
[INFO] [141/400] kernel-results/IPVS_SYNC_WAKEUP_RATE/1.input.txt, 2025-12-02 06:37:51 -> 2025-12-02 06:46:53
[SUCCESS] [141/400] Completed kernel-results/IPVS_SYNC_WAKEUP_RATE/1.input.txt at 2025-12-02 06:49:58
[INFO] [178/400] kernel-results/MAX_SLACK/4.input.txt, 2025-12-02 06:37:51 -> 2025-12-02 06:49:58
[SUCCESS] [178/400] Completed kernel-results/MAX_SLACK/4.input.txt at 2025-12-02 06:53:29
[INFO] [207/400] kernel-results/NFS_JUKEBOX_RETRY_TIME/13.input.txt, 2025-12-02 06:37:51 -> 2025-12-02 06:53:29
[SUCCESS] [207/400] Completed kernel-results/NFS_JUKEBOX_RETRY_TIME/13.input.txt at 2025-12-02 06:56:23
[INFO] [233/400] kernel-results/NUMA_IMBALANCE_MIN/3.input.txt, 2025-12-02 06:37:51 -> 2025-12-02 06:56:23
[SUCCESS] [233/400] Completed kernel-results/NUMA_IMBALANCE_MIN/3.input.txt at 2025-12-02 06:59:55
[INFO] [264/400] kernel-results/SBQ_WAKE_BATCH/5.input.txt, 2025-12-02 06:37:51 -> 2025-12-02 06:59:55
[SUCCESS] [264/400] Completed kernel-results/SBQ_WAKE_BATCH/5.input.txt at 2025-12-02 07:03:47
[INFO] [290/400] kernel-results/TCP_ATO_MIN/13.input.txt, 2025-12-02 06:37:51 -> 2025-12-02 07:03:47
[SUCCESS] [290/400] Completed kernel-results/TCP_ATO_MIN/13.input.txt at 2025-12-02 07:40:45
[INFO] [49/400] kernel-results/BLK_MQ_DISPATCH_BUSY_EWMA_WEIGHT/2.input.txt, 2025-12-02 06:37:51 -> 2025-12-02 06:37:51
[SUCCESS] [49/400] Completed kernel-results/BLK_MQ_DISPATCH_BUSY_EWMA_WEIGHT/2.input.txt at 2025-12-02 06:42:32
[INFO] [91/400] kernel-results/BTRFS_DELAYED_WRITEBACK/2.input.txt, 2025-12-02 06:37:51 -> 2025-12-02 06:42:32
[SUCCESS] [91/400] Completed kernel-results/BTRFS_DELAYED_WRITEBACK/2.input.txt at 2025-12-02 06:45:37
[INFO] [129/400] kernel-results/IO_LOCAL_TW_DEFAULT_MAX/4.input.txt, 2025-12-02 06:37:51 -> 2025-12-02 06:45:37
[SUCCESS] [129/400] Completed kernel-results/IO_LOCAL_TW_DEFAULT_MAX/4.input.txt at 2025-12-02 06:48:57
[INFO] [171/400] kernel-results/MAX_SCAN_WINDOW/4.input.txt, 2025-12-02 06:37:51 -> 2025-12-02 06:48:57
[SUCCESS] [171/400] Completed kernel-results/MAX_SCAN_WINDOW/4.input.txt at 2025-12-02 06:54:40
[INFO] [221/400] kernel-results/NFS_JUKEBOX_RETRY_TIME/6.input.txt, 2025-12-02 06:37:51 -> 2025-12-02 06:54:40
[SUCCESS] [221/400] Completed kernel-results/NFS_JUKEBOX_RETRY_TIME/6.input.txt at 2025-12-02 06:57:48
[INFO] [252/400] kernel-results/QUEUE_THRESHOLD/2.input.txt, 2025-12-02 06:37:51 -> 2025-12-02 06:57:48
[SUCCESS] [252/400] Completed kernel-results/QUEUE_THRESHOLD/2.input.txt at 2025-12-02 07:01:19
[INFO] [274/400] kernel-results/SHMEM_MAX_IQ_TIME/1.input.txt, 2025-12-02 06:37:51 -> 2025-12-02 07:01:19
[SUCCESS] [274/400] Completed kernel-results/SHMEM_MAX_IQ_TIME/1.input.txt at 2025-12-02 07:04:41
[INFO] [296/400] kernel-results/TCP_ATO_MIN/7.input.txt, 2025-12-02 06:37:51 -> 2025-12-02 07:04:41
[SUCCESS] [296/400] Completed kernel-results/TCP_ATO_MIN/7.input.txt at 2025-12-02 07:42:15
[INFO] [22/400] kernel-results/BFQ_RATE_MIN_INTERVAL/1.input.txt, 2025-12-02 06:37:51 -> 2025-12-02 06:37:51
[SUCCESS] [22/400] Completed kernel-results/BFQ_RATE_MIN_INTERVAL/1.input.txt at 2025-12-02 06:40:51
[INFO] [68/400] kernel-results/BTRFS_DEFRAG_BATCH/1.input.txt, 2025-12-02 06:37:51 -> 2025-12-02 06:40:51
[SUCCESS] [68/400] Completed kernel-results/BTRFS_DEFRAG_BATCH/1.input.txt at 2025-12-02 06:44:06
[INFO] [107/400] kernel-results/DEF_PRIORITY/5.input.txt, 2025-12-02 06:37:51 -> 2025-12-02 06:44:06
[SUCCESS] [107/400] Completed kernel-results/DEF_PRIORITY/5.input.txt at 2025-12-02 06:46:58
[INFO] [142/400] kernel-results/IPVS_SYNC_WAKEUP_RATE/2.input.txt, 2025-12-02 06:37:51 -> 2025-12-02 06:46:58
[SUCCESS] [142/400] Completed kernel-results/IPVS_SYNC_WAKEUP_RATE/2.input.txt at 2025-12-02 06:49:58
[INFO] [177/400] kernel-results/MAX_SLACK/3.input.txt, 2025-12-02 06:37:51 -> 2025-12-02 06:49:58
[SUCCESS] [177/400] Completed kernel-results/MAX_SLACK/3.input.txt at 2025-12-02 06:54:24
[INFO] [215/400] kernel-results/NFS_JUKEBOX_RETRY_TIME/20.input.txt, 2025-12-02 06:37:51 -> 2025-12-02 06:54:24
[SUCCESS] [215/400] Completed kernel-results/NFS_JUKEBOX_RETRY_TIME/20.input.txt at 2025-12-02 06:57:09
[INFO] [241/400] kernel-results/OOM_REAPER_DELAY/2.input.txt, 2025-12-02 06:37:51 -> 2025-12-02 06:57:09
[SUCCESS] [241/400] Completed kernel-results/OOM_REAPER_DELAY/2.input.txt at 2025-12-02 07:00:17
[INFO] [267/400] kernel-results/SBQ_WAKE_BATCH/8.input.txt, 2025-12-02 06:37:51 -> 2025-12-02 07:00:17
[SUCCESS] [267/400] Completed kernel-results/SBQ_WAKE_BATCH/8.input.txt at 2025-12-02 07:04:37
[INFO] [293/400] kernel-results/TCP_ATO_MIN/4.input.txt, 2025-12-02 06:37:51 -> 2025-12-02 07:04:37
[SUCCESS] [293/400] Completed kernel-results/TCP_ATO_MIN/4.input.txt at 2025-12-02 07:42:22
[INFO] [31/400] kernel-results/BLK_MIN_SG_TIMEOUT/1.input.txt, 2025-12-02 06:37:51 -> 2025-12-02 06:37:51
[SUCCESS] [31/400] Completed kernel-results/BLK_MIN_SG_TIMEOUT/1.input.txt at 2025-12-02 06:41:52
[INFO] [90/400] kernel-results/BTRFS_DELAYED_WRITEBACK/1.input.txt, 2025-12-02 06:37:51 -> 2025-12-02 06:41:52
[SUCCESS] [90/400] Completed kernel-results/BTRFS_DELAYED_WRITEBACK/1.input.txt at 2025-12-02 06:45:00
[INFO] [124/400] kernel-results/IORING_MAX_ENTRIES/3.input.txt, 2025-12-02 06:37:51 -> 2025-12-02 06:45:00
[SUCCESS] [124/400] Completed kernel-results/IORING_MAX_ENTRIES/3.input.txt at 2025-12-02 06:48:21
[INFO] [161/400] kernel-results/MAX_PARTIAL_TO_SCAN/1.input.txt, 2025-12-02 06:37:51 -> 2025-12-02 06:48:21
[SUCCESS] [161/400] Completed kernel-results/MAX_PARTIAL_TO_SCAN/1.input.txt at 2025-12-02 06:51:44
[INFO] [198/400] kernel-results/NFS4_POLL_RETRY_MIN/3.input.txt, 2025-12-02 06:37:51 -> 2025-12-02 06:51:44
[SUCCESS] [198/400] Completed kernel-results/NFS4_POLL_RETRY_MIN/3.input.txt at 2025-12-02 07:05:57
[INFO] [311/400] kernel-results/TCP_INIT_CWND/12.input.txt, 2025-12-02 06:37:51 -> 2025-12-02 07:05:57
[SUCCESS] [311/400] Completed kernel-results/TCP_INIT_CWND/12.input.txt at 2025-12-02 07:43:10
[INFO] [27/400] kernel-results/BLKDEV_DEFAULT_RQ/2.input.txt, 2025-12-02 06:37:51 -> 2025-12-02 06:37:51
[SUCCESS] [27/400] Completed kernel-results/BLKDEV_DEFAULT_RQ/2.input.txt at 2025-12-02 06:42:43
[INFO] [93/400] kernel-results/BUSY_POLL_BUDGET/1.input.txt, 2025-12-02 06:37:51 -> 2025-12-02 06:42:43
[SUCCESS] [93/400] Completed kernel-results/BUSY_POLL_BUDGET/1.input.txt at 2025-12-02 06:45:34
[INFO] [128/400] kernel-results/IO_LOCAL_TW_DEFAULT_MAX/3.input.txt, 2025-12-02 06:37:51 -> 2025-12-02 06:45:34
[SUCCESS] [128/400] Completed kernel-results/IO_LOCAL_TW_DEFAULT_MAX/3.input.txt at 2025-12-02 06:48:53
[INFO] [170/400] kernel-results/MAX_SCAN_WINDOW/3.input.txt, 2025-12-02 06:37:51 -> 2025-12-02 06:48:53
[SUCCESS] [170/400] Completed kernel-results/MAX_SCAN_WINDOW/3.input.txt at 2025-12-02 06:51:49
[INFO] [199/400] kernel-results/NFS4_POLL_RETRY_MIN/4.input.txt, 2025-12-02 06:37:51 -> 2025-12-02 06:51:49
[SUCCESS] [199/400] Completed kernel-results/NFS4_POLL_RETRY_MIN/4.input.txt at 2025-12-02 06:54:31
[INFO] [216/400] kernel-results/NFS_JUKEBOX_RETRY_TIME/21.input.txt, 2025-12-02 06:37:51 -> 2025-12-02 06:54:31
[SUCCESS] [216/400] Completed kernel-results/NFS_JUKEBOX_RETRY_TIME/21.input.txt at 2025-12-02 06:57:12
[INFO] [243/400] kernel-results/PCPU_SLOT_FAIL_THRESHOLD/1.input.txt, 2025-12-02 06:37:51 -> 2025-12-02 06:57:12
[SUCCESS] [243/400] Completed kernel-results/PCPU_SLOT_FAIL_THRESHOLD/1.input.txt at 2025-12-02 07:00:14
[INFO] [266/400] kernel-results/SBQ_WAKE_BATCH/7.input.txt, 2025-12-02 06:37:51 -> 2025-12-02 07:00:14
[SUCCESS] [266/400] Completed kernel-results/SBQ_WAKE_BATCH/7.input.txt at 2025-12-02 07:04:38
[INFO] [294/400] kernel-results/TCP_ATO_MIN/5.input.txt, 2025-12-02 06:37:51 -> 2025-12-02 07:04:38
[SUCCESS] [294/400] Completed kernel-results/TCP_ATO_MIN/5.input.txt at 2025-12-02 07:45:38
[INFO] [11/400] kernel-results/AMT_SECRET_TIMEOUT/2.input.txt, 2025-12-02 06:37:51 -> 2025-12-02 06:37:51
[SUCCESS] [11/400] Completed kernel-results/AMT_SECRET_TIMEOUT/2.input.txt at 2025-12-02 06:40:56
[INFO] [75/400] kernel-results/BTRFS_DELAYED_BACKGROUND/7.input.txt, 2025-12-02 06:37:51 -> 2025-12-02 06:40:56
[SUCCESS] [75/400] Completed kernel-results/BTRFS_DELAYED_BACKGROUND/7.input.txt at 2025-12-02 06:43:53
[INFO] [103/400] kernel-results/DEF_PRIORITY/10.input.txt, 2025-12-02 06:37:51 -> 2025-12-02 06:43:53
[SUCCESS] [103/400] Completed kernel-results/DEF_PRIORITY/10.input.txt at 2025-12-02 06:46:49
[INFO] [139/400] kernel-results/IPVS_SYNC_FLUSH_TIME/1.input.txt, 2025-12-02 06:37:51 -> 2025-12-02 06:46:49
[SUCCESS] [139/400] Completed kernel-results/IPVS_SYNC_FLUSH_TIME/1.input.txt at 2025-12-02 06:49:57
[INFO] [176/400] kernel-results/MAX_SLACK/2.input.txt, 2025-12-02 06:37:51 -> 2025-12-02 06:49:57
[SUCCESS] [176/400] Completed kernel-results/MAX_SLACK/2.input.txt at 2025-12-02 06:54:36
[INFO] [219/400] kernel-results/NFS_JUKEBOX_RETRY_TIME/4.input.txt, 2025-12-02 06:37:51 -> 2025-12-02 06:54:36
[SUCCESS] [219/400] Completed kernel-results/NFS_JUKEBOX_RETRY_TIME/4.input.txt at 2025-12-02 06:57:10
[INFO] [242/400] kernel-results/OOM_REAPER_DELAY/3.input.txt, 2025-12-02 06:37:51 -> 2025-12-02 06:57:10
[SUCCESS] [242/400] Completed kernel-results/OOM_REAPER_DELAY/3.input.txt at 2025-12-02 07:00:44
[INFO] [269/400] kernel-results/SCHED_NR_MIGRATE_BREAK/2.input.txt, 2025-12-02 06:37:51 -> 2025-12-02 07:00:44
[SUCCESS] [269/400] Completed kernel-results/SCHED_NR_MIGRATE_BREAK/2.input.txt at 2025-12-02 07:05:28
[INFO] [306/400] kernel-results/TCP_DELACK_MIN/2.input.txt, 2025-12-02 06:37:51 -> 2025-12-02 07:05:28
[SUCCESS] [306/400] Completed kernel-results/TCP_DELACK_MIN/2.input.txt at 2025-12-02 07:08:57
[INFO] [326/400] kernel-results/TCP_MAX_QUICKACKS/5.input.txt, 2025-12-02 06:37:51 -> 2025-12-02 07:08:57
[SUCCESS] [326/400] Completed kernel-results/TCP_MAX_QUICKACKS/5.input.txt at 2025-12-02 07:42:33
[INFO] [32/400] kernel-results/BLK_MIN_SG_TIMEOUT/2.input.txt, 2025-12-02 06:37:51 -> 2025-12-02 06:37:51
[SUCCESS] [32/400] Completed kernel-results/BLK_MIN_SG_TIMEOUT/2.input.txt at 2025-12-02 06:40:55
[INFO] [73/400] kernel-results/BTRFS_DELAYED_BACKGROUND/5.input.txt, 2025-12-02 06:37:51 -> 2025-12-02 06:40:55
[SUCCESS] [73/400] Completed kernel-results/BTRFS_DELAYED_BACKGROUND/5.input.txt at 2025-12-02 06:44:16
[INFO] [111/400] kernel-results/DEF_PRIORITY/9.input.txt, 2025-12-02 06:37:51 -> 2025-12-02 06:44:16
[SUCCESS] [111/400] Completed kernel-results/DEF_PRIORITY/9.input.txt at 2025-12-02 06:47:39
[INFO] [153/400] kernel-results/LAST_INO_BATCH/2.input.txt, 2025-12-02 06:37:51 -> 2025-12-02 06:47:39
[SUCCESS] [153/400] Completed kernel-results/LAST_INO_BATCH/2.input.txt at 2025-12-02 07:02:19
[INFO] [283/400] kernel-results/SOFT_LEBS_LIMIT/1.input.txt, 2025-12-02 06:37:51 -> 2025-12-02 07:02:19
[SUCCESS] [283/400] Completed kernel-results/SOFT_LEBS_LIMIT/1.input.txt at 2025-12-02 07:05:43
[INFO] [310/400] kernel-results/TCP_INIT_CWND/11.input.txt, 2025-12-02 06:37:51 -> 2025-12-02 07:05:43
[SUCCESS] [310/400] Completed kernel-results/TCP_INIT_CWND/11.input.txt at 2025-12-02 07:46:38
[INFO] [41/400] kernel-results/BLK_MQ_DISPATCH_BUSY_EWMA_WEIGHT/1.input.txt, 2025-12-02 06:37:51 -> 2025-12-02 06:37:51
[SUCCESS] [41/400] Completed kernel-results/BLK_MQ_DISPATCH_BUSY_EWMA_WEIGHT/1.input.txt at 2025-12-02 06:42:51
[INFO] [95/400] kernel-results/BUSY_POLL_BUDGET/3.input.txt, 2025-12-02 06:37:51 -> 2025-12-02 06:42:51
[SUCCESS] [95/400] Completed kernel-results/BUSY_POLL_BUDGET/3.input.txt at 2025-12-02 06:45:40
[INFO] [130/400] kernel-results/IO_POLL_REF_BIAS/1.input.txt, 2025-12-02 06:37:51 -> 2025-12-02 06:45:40
[SUCCESS] [130/400] Completed kernel-results/IO_POLL_REF_BIAS/1.input.txt at 2025-12-02 06:48:49
[INFO] [169/400] kernel-results/MAX_SCAN_WINDOW/2.input.txt, 2025-12-02 06:37:51 -> 2025-12-02 06:48:49
[SUCCESS] [169/400] Completed kernel-results/MAX_SCAN_WINDOW/2.input.txt at 2025-12-02 06:57:36
[INFO] [250/400] kernel-results/PIPE_MIN_DEF_BUFFERS/2.input.txt, 2025-12-02 06:37:51 -> 2025-12-02 06:57:36
[SUCCESS] [250/400] Completed kernel-results/PIPE_MIN_DEF_BUFFERS/2.input.txt at 2025-12-02 07:03:01
[INFO] [288/400] kernel-results/TCP_ATO_MIN/11.input.txt, 2025-12-02 06:37:51 -> 2025-12-02 07:03:01
[SUCCESS] [288/400] Completed kernel-results/TCP_ATO_MIN/11.input.txt at 2025-12-02 07:46:38
[INFO] [33/400] kernel-results/BLK_MIN_SG_TIMEOUT/3.input.txt, 2025-12-02 06:37:51 -> 2025-12-02 06:37:51
[SUCCESS] [33/400] Completed kernel-results/BLK_MIN_SG_TIMEOUT/3.input.txt at 2025-12-02 06:41:05
[INFO] [82/400] kernel-results/BTRFS_DELAYED_BATCH/2.input.txt, 2025-12-02 06:37:51 -> 2025-12-02 06:41:05
[SUCCESS] [82/400] Completed kernel-results/BTRFS_DELAYED_BATCH/2.input.txt at 2025-12-02 06:44:17
[INFO] [112/400] kernel-results/DEF_RECLAIM_PREFREE_SEGMENTS/1.input.txt, 2025-12-02 06:37:51 -> 2025-12-02 06:44:17
[SUCCESS] [112/400] Completed kernel-results/DEF_RECLAIM_PREFREE_SEGMENTS/1.input.txt at 2025-12-02 06:47:59
[INFO] [158/400] kernel-results/MAX_NR_FOLIOS_PER_FREE/1.input.txt, 2025-12-02 06:37:51 -> 2025-12-02 06:47:59
[SUCCESS] [158/400] Completed kernel-results/MAX_NR_FOLIOS_PER_FREE/1.input.txt at 2025-12-02 06:58:57
[INFO] [260/400] kernel-results/SBQ_WAKE_BATCH/1.input.txt, 2025-12-02 06:37:51 -> 2025-12-02 06:58:57
[SUCCESS] [260/400] Completed kernel-results/SBQ_WAKE_BATCH/1.input.txt at 2025-12-02 07:05:26
[INFO] [305/400] kernel-results/TCP_DELACK_MIN/1.input.txt, 2025-12-02 06:37:51 -> 2025-12-02 07:05:26
[SUCCESS] [305/400] Completed kernel-results/TCP_DELACK_MIN/1.input.txt at 2025-12-02 07:08:44
[INFO] [325/400] kernel-results/TCP_MAX_QUICKACKS/4.input.txt, 2025-12-02 06:37:51 -> 2025-12-02 07:08:44
[SUCCESS] [325/400] Completed kernel-results/TCP_MAX_QUICKACKS/4.input.txt at 2025-12-02 07:46:49
[INFO] [17/400] kernel-results/BFQ_HW_QUEUE_THRESHOLD/4.input.txt, 2025-12-02 06:37:51 -> 2025-12-02 06:37:51
[SUCCESS] [17/400] Completed kernel-results/BFQ_HW_QUEUE_THRESHOLD/4.input.txt at 2025-12-02 06:41:39
[INFO] [89/400] kernel-results/BTRFS_DELAYED_BATCH/9.input.txt, 2025-12-02 06:37:51 -> 2025-12-02 06:41:39
[SUCCESS] [89/400] Completed kernel-results/BTRFS_DELAYED_BATCH/9.input.txt at 2025-12-02 06:45:15
[INFO] [125/400] kernel-results/IORING_MAX_ENTRIES/4.input.txt, 2025-12-02 06:37:51 -> 2025-12-02 06:45:15
[SUCCESS] [125/400] Completed kernel-results/IORING_MAX_ENTRIES/4.input.txt at 2025-12-02 07:00:51
[INFO] [271/400] kernel-results/SCHED_NR_MIGRATE_BREAK/4.input.txt, 2025-12-02 06:37:51 -> 2025-12-02 07:00:51
[SUCCESS] [271/400] Completed kernel-results/SCHED_NR_MIGRATE_BREAK/4.input.txt at 2025-12-02 07:05:11
[INFO] [299/400] kernel-results/TCP_DELACK_MAX/1.input.txt, 2025-12-02 06:37:51 -> 2025-12-02 07:05:11
[SUCCESS] [299/400] Completed kernel-results/TCP_DELACK_MAX/1.input.txt at 2025-12-02 07:08:38
[INFO] [323/400] kernel-results/TCP_MAX_QUICKACKS/2.input.txt, 2025-12-02 06:37:51 -> 2025-12-02 07:08:38
[SUCCESS] [323/400] Completed kernel-results/TCP_MAX_QUICKACKS/2.input.txt at 2025-12-02 07:49:18
[INFO] [1/400] kernel-results/AIO_PLUG_THRESHOLD/1.input.txt, 2025-12-02 06:37:51 -> 2025-12-02 06:37:51
[SUCCESS] [1/400] Completed kernel-results/AIO_PLUG_THRESHOLD/1.input.txt at 2025-12-02 06:40:37
[INFO] [57/400] kernel-results/BLK_MQ_MAX_DEPTH/1.input.txt, 2025-12-02 06:37:51 -> 2025-12-02 06:40:37
[SUCCESS] [57/400] Completed kernel-results/BLK_MQ_MAX_DEPTH/1.input.txt at 2025-12-02 06:43:42
[INFO] [97/400] kernel-results/BUSY_POLL_BUDGET/5.input.txt, 2025-12-02 06:37:51 -> 2025-12-02 06:43:42
[SUCCESS] [97/400] Completed kernel-results/BUSY_POLL_BUDGET/5.input.txt at 2025-12-02 06:46:36
[INFO] [137/400] kernel-results/IO_TCTX_REFS_CACHE_NR/1.input.txt, 2025-12-02 06:37:51 -> 2025-12-02 06:46:36
[SUCCESS] [137/400] Completed kernel-results/IO_TCTX_REFS_CACHE_NR/1.input.txt at 2025-12-02 06:51:01
[INFO] [187/400] kernel-results/MLD_MAX_SKBS/2.input.txt, 2025-12-02 06:37:51 -> 2025-12-02 06:51:01
[SUCCESS] [187/400] Completed kernel-results/MLD_MAX_SKBS/2.input.txt at 2025-12-02 06:54:07
[INFO] [211/400] kernel-results/NFS_JUKEBOX_RETRY_TIME/17.input.txt, 2025-12-02 06:37:51 -> 2025-12-02 06:54:07
[SUCCESS] [211/400] Completed kernel-results/NFS_JUKEBOX_RETRY_TIME/17.input.txt at 2025-12-02 06:56:57
[INFO] [238/400] kernel-results/NUMA_PERIOD_THRESHOLD/4.input.txt, 2025-12-02 06:37:51 -> 2025-12-02 06:56:57
[SUCCESS] [238/400] Completed kernel-results/NUMA_PERIOD_THRESHOLD/4.input.txt at 2025-12-02 07:02:16
[INFO] [281/400] kernel-results/SMC_TX_WORK_DELAY/1.input.txt, 2025-12-02 06:37:51 -> 2025-12-02 07:02:16
[SUCCESS] [281/400] Completed kernel-results/SMC_TX_WORK_DELAY/1.input.txt at 2025-12-02 07:05:29
[INFO] [308/400] kernel-results/TCP_INIT_CWND/1.input.txt, 2025-12-02 06:37:51 -> 2025-12-02 07:05:29
[SUCCESS] [308/400] Completed kernel-results/TCP_INIT_CWND/1.input.txt at 2025-12-02 07:08:36
[INFO] [322/400] kernel-results/TCP_MAX_QUICKACKS/1.input.txt, 2025-12-02 06:37:51 -> 2025-12-02 07:08:36
[SUCCESS] [322/400] Completed kernel-results/TCP_MAX_QUICKACKS/1.input.txt at 2025-12-02 07:49:52
[INFO] [19/400] kernel-results/BFQ_MIN_TT/2.input.txt, 2025-12-02 06:37:51 -> 2025-12-02 06:37:51
[SUCCESS] [19/400] Completed kernel-results/BFQ_MIN_TT/2.input.txt at 2025-12-02 06:40:47
[INFO] [66/400] kernel-results/BLK_ZONE_WPLUG_DEFAULT_POOL_SIZE/2.input.txt, 2025-12-02 06:37:51 -> 2025-12-02 06:40:47
[SUCCESS] [66/400] Completed kernel-results/BLK_ZONE_WPLUG_DEFAULT_POOL_SIZE/2.input.txt at 2025-12-02 06:45:41
[INFO] [131/400] kernel-results/IO_POLL_REF_BIAS/2.input.txt, 2025-12-02 06:37:51 -> 2025-12-02 06:45:41
[SUCCESS] [131/400] Completed kernel-results/IO_POLL_REF_BIAS/2.input.txt at 2025-12-02 06:48:34
[INFO] [164/400] kernel-results/MAX_PARTIAL_TO_SCAN/4.input.txt, 2025-12-02 06:37:51 -> 2025-12-02 06:48:34
[SUCCESS] [164/400] Completed kernel-results/MAX_PARTIAL_TO_SCAN/4.input.txt at 2025-12-02 06:51:51
[INFO] [200/400] kernel-results/NFS4_POLL_RETRY_MIN/5.input.txt, 2025-12-02 06:37:51 -> 2025-12-02 06:51:51
[SUCCESS] [200/400] Completed kernel-results/NFS4_POLL_RETRY_MIN/5.input.txt at 2025-12-02 06:55:27
[INFO] [225/400] kernel-results/NR_MAX_BATCHED_MIGRATION/1.input.txt, 2025-12-02 06:37:51 -> 2025-12-02 06:55:27
[SUCCESS] [225/400] Completed kernel-results/NR_MAX_BATCHED_MIGRATION/1.input.txt at 2025-12-02 06:58:34
[INFO] [256/400] kernel-results/RCU_JIFFIES_FQS_DIV/2.input.txt, 2025-12-02 06:37:51 -> 2025-12-02 06:58:34
[SUCCESS] [256/400] Completed kernel-results/RCU_JIFFIES_FQS_DIV/2.input.txt at 2025-12-02 07:02:28
[INFO] [285/400] kernel-results/SYNC_SHRINK_BATCH/1.input.txt, 2025-12-02 06:37:51 -> 2025-12-02 07:02:28
[SUCCESS] [285/400] Completed kernel-results/SYNC_SHRINK_BATCH/1.input.txt at 2025-12-02 07:05:16
[INFO] [302/400] kernel-results/TCP_DELACK_MAX/4.input.txt, 2025-12-02 06:37:51 -> 2025-12-02 07:05:16
[SUCCESS] [302/400] Completed kernel-results/TCP_DELACK_MAX/4.input.txt at 2025-12-02 07:08:38
[INFO] [324/400] kernel-results/TCP_MAX_QUICKACKS/3.input.txt, 2025-12-02 06:37:51 -> 2025-12-02 07:08:38
[SUCCESS] [324/400] Completed kernel-results/TCP_MAX_QUICKACKS/3.input.txt at 2025-12-02 07:51:04
[INFO] [2/400] kernel-results/AIO_PLUG_THRESHOLD/2.input.txt, 2025-12-02 06:37:51 -> 2025-12-02 06:37:51
[SUCCESS] [2/400] Completed kernel-results/AIO_PLUG_THRESHOLD/2.input.txt at 2025-12-02 06:40:40
[INFO] [59/400] kernel-results/BLK_MQ_MAX_DEPTH/3.input.txt, 2025-12-02 06:37:51 -> 2025-12-02 06:40:40
[SUCCESS] [59/400] Completed kernel-results/BLK_MQ_MAX_DEPTH/3.input.txt at 2025-12-02 07:16:43
[INFO] [346/400] kernel-results/TCP_RACK_RECOVERY_THRESH/2.input.txt, 2025-12-02 06:37:51 -> 2025-12-02 07:16:43
[SUCCESS] [346/400] Completed kernel-results/TCP_RACK_RECOVERY_THRESH/2.input.txt at 2025-12-02 08:00:41
[INFO] [47/400] kernel-results/BLK_MQ_DISPATCH_BUSY_EWMA_WEIGHT/15.input.txt, 2025-12-02 06:37:51 -> 2025-12-02 06:37:51
[SUCCESS] [47/400] Completed kernel-results/BLK_MQ_DISPATCH_BUSY_EWMA_WEIGHT/15.input.txt at 2025-12-02 06:41:05
[INFO] [81/400] kernel-results/BTRFS_DELAYED_BATCH/12.input.txt, 2025-12-02 06:37:51 -> 2025-12-02 06:41:05
[SUCCESS] [81/400] Completed kernel-results/BTRFS_DELAYED_BATCH/12.input.txt at 2025-12-02 06:44:19
[INFO] [114/400] kernel-results/DFR_MAX/2.input.txt, 2025-12-02 06:37:51 -> 2025-12-02 06:44:19
[SUCCESS] [114/400] Completed kernel-results/DFR_MAX/2.input.txt at 2025-12-02 06:47:09
[INFO] [143/400] kernel-results/IPVS_SYNC_WAKEUP_RATE/3.input.txt, 2025-12-02 06:37:51 -> 2025-12-02 06:47:09
[SUCCESS] [143/400] Completed kernel-results/IPVS_SYNC_WAKEUP_RATE/3.input.txt at 2025-12-02 06:50:21
[INFO] [180/400] kernel-results/MAX_SLACK/6.input.txt, 2025-12-02 06:37:51 -> 2025-12-02 06:50:21
[SUCCESS] [180/400] Completed kernel-results/MAX_SLACK/6.input.txt at 2025-12-02 06:55:48
[INFO] [230/400] kernel-results/NR_TO_WRITE/1.input.txt, 2025-12-02 06:37:51 -> 2025-12-02 06:55:48
[SUCCESS] [230/400] Completed kernel-results/NR_TO_WRITE/1.input.txt at 2025-12-02 06:58:42
[INFO] [259/400] kernel-results/RDS_IB_RECYCLE_BATCH_COUNT/1.input.txt, 2025-12-02 06:37:51 -> 2025-12-02 06:58:42
[SUCCESS] [259/400] Completed kernel-results/RDS_IB_RECYCLE_BATCH_COUNT/1.input.txt at 2025-12-02 07:02:04
[INFO] [279/400] kernel-results/SMALLIMP/1.input.txt, 2025-12-02 06:37:51 -> 2025-12-02 07:02:04
[SUCCESS] [279/400] Completed kernel-results/SMALLIMP/1.input.txt at 2025-12-02 07:05:19
[INFO] [303/400] kernel-results/TCP_DELACK_MAX/5.input.txt, 2025-12-02 06:37:51 -> 2025-12-02 07:05:19
[SUCCESS] [303/400] Completed kernel-results/TCP_DELACK_MAX/5.input.txt at 2025-12-02 07:08:31
[INFO] [321/400] kernel-results/TCP_INIT_CWND/9.input.txt, 2025-12-02 06:37:51 -> 2025-12-02 07:08:31
[SUCCESS] [321/400] Completed kernel-results/TCP_INIT_CWND/9.input.txt at 2025-12-02 07:58:52
[INFO] [6/400] kernel-results/AMT_DISCOVERY_TIMEOUT/2.input.txt, 2025-12-02 06:37:51 -> 2025-12-02 06:37:51
[SUCCESS] [6/400] Completed kernel-results/AMT_DISCOVERY_TIMEOUT/2.input.txt at 2025-12-02 06:40:53
[INFO] [71/400] kernel-results/BTRFS_DELAYED_BACKGROUND/3.input.txt, 2025-12-02 06:37:51 -> 2025-12-02 06:40:53
[SUCCESS] [71/400] Completed kernel-results/BTRFS_DELAYED_BACKGROUND/3.input.txt at 2025-12-02 06:44:03
[INFO] [105/400] kernel-results/DEF_PRIORITY/3.input.txt, 2025-12-02 06:37:51 -> 2025-12-02 06:44:03
[SUCCESS] [105/400] Completed kernel-results/DEF_PRIORITY/3.input.txt at 2025-12-02 06:51:00
[INFO] [186/400] kernel-results/MLD_MAX_SKBS/1.input.txt, 2025-12-02 06:37:51 -> 2025-12-02 06:51:00
[SUCCESS] [186/400] Completed kernel-results/MLD_MAX_SKBS/1.input.txt at 2025-12-02 06:54:04
[INFO] [210/400] kernel-results/NFS_JUKEBOX_RETRY_TIME/16.input.txt, 2025-12-02 06:37:51 -> 2025-12-02 06:54:04
[SUCCESS] [210/400] Completed kernel-results/NFS_JUKEBOX_RETRY_TIME/16.input.txt at 2025-12-02 06:56:52
[INFO] [237/400] kernel-results/NUMA_PERIOD_THRESHOLD/3.input.txt, 2025-12-02 06:37:51 -> 2025-12-02 06:56:52
[SUCCESS] [237/400] Completed kernel-results/NUMA_PERIOD_THRESHOLD/3.input.txt at 2025-12-02 07:00:03
[INFO] [265/400] kernel-results/SBQ_WAKE_BATCH/6.input.txt, 2025-12-02 06:37:51 -> 2025-12-02 07:00:03
[SUCCESS] [265/400] Completed kernel-results/SBQ_WAKE_BATCH/6.input.txt at 2025-12-02 07:03:45
[INFO] [289/400] kernel-results/TCP_ATO_MIN/12.input.txt, 2025-12-02 06:37:51 -> 2025-12-02 07:03:45
[SUCCESS] [289/400] Completed kernel-results/TCP_ATO_MIN/12.input.txt at 2025-12-02 07:54:45
[INFO] [48/400] kernel-results/BLK_MQ_DISPATCH_BUSY_EWMA_WEIGHT/16.input.txt, 2025-12-02 06:37:51 -> 2025-12-02 06:37:51
[SUCCESS] [48/400] Completed kernel-results/BLK_MQ_DISPATCH_BUSY_EWMA_WEIGHT/16.input.txt at 2025-12-02 06:40:51
[INFO] [69/400] kernel-results/BTRFS_DELAYED_BACKGROUND/1.input.txt, 2025-12-02 06:37:51 -> 2025-12-02 06:40:51
[SUCCESS] [69/400] Completed kernel-results/BTRFS_DELAYED_BACKGROUND/1.input.txt at 2025-12-02 06:44:07
[INFO] [108/400] kernel-results/DEF_PRIORITY/6.input.txt, 2025-12-02 06:37:51 -> 2025-12-02 06:44:07
[SUCCESS] [108/400] Completed kernel-results/DEF_PRIORITY/6.input.txt at 2025-12-02 06:47:49
[INFO] [156/400] kernel-results/MAX_INOBT_WALK_PREFETCH/2.input.txt, 2025-12-02 06:37:51 -> 2025-12-02 06:47:49
[SUCCESS] [156/400] Completed kernel-results/MAX_INOBT_WALK_PREFETCH/2.input.txt at 2025-12-02 06:51:07
[INFO] [189/400] kernel-results/NFS4_POLL_RETRY_MAX/1.input.txt, 2025-12-02 06:37:51 -> 2025-12-02 06:51:07
[SUCCESS] [189/400] Completed kernel-results/NFS4_POLL_RETRY_MAX/1.input.txt at 2025-12-02 06:54:34
[INFO] [217/400] kernel-results/NFS_JUKEBOX_RETRY_TIME/22.input.txt, 2025-12-02 06:37:51 -> 2025-12-02 06:54:34
[SUCCESS] [217/400] Completed kernel-results/NFS_JUKEBOX_RETRY_TIME/22.input.txt at 2025-12-02 06:57:36
[INFO] [249/400] kernel-results/PIPE_MIN_DEF_BUFFERS/1.input.txt, 2025-12-02 06:37:51 -> 2025-12-02 06:57:36
[SUCCESS] [249/400] Completed kernel-results/PIPE_MIN_DEF_BUFFERS/1.input.txt at 2025-12-02 07:01:21
[INFO] [276/400] kernel-results/SHRINK_BATCH/2.input.txt, 2025-12-02 06:37:51 -> 2025-12-02 07:01:21
[SUCCESS] [276/400] Completed kernel-results/SHRINK_BATCH/2.input.txt at 2025-12-02 07:04:38
[INFO] [295/400] kernel-results/TCP_ATO_MIN/6.input.txt, 2025-12-02 06:37:51 -> 2025-12-02 07:04:38
[SUCCESS] [295/400] Completed kernel-results/TCP_ATO_MIN/6.input.txt at 2025-12-02 07:07:50
[INFO] [319/400] kernel-results/TCP_INIT_CWND/7.input.txt, 2025-12-02 06:37:51 -> 2025-12-02 07:07:50
[SUCCESS] [319/400] Completed kernel-results/TCP_INIT_CWND/7.input.txt at 2025-12-02 07:14:16
[INFO] [337/400] kernel-results/TCP_MAX_WSCALE/4.input.txt, 2025-12-02 06:37:51 -> 2025-12-02 07:14:16
[SUCCESS] [337/400] Completed kernel-results/TCP_MAX_WSCALE/4.input.txt at 2025-12-02 07:17:32
[INFO] [347/400] kernel-results/TCP_RACK_RECOVERY_THRESH/3.input.txt, 2025-12-02 06:37:51 -> 2025-12-02 07:17:32
[SUCCESS] [347/400] Completed kernel-results/TCP_RACK_RECOVERY_THRESH/3.input.txt at 2025-12-02 08:01:32
[INFO] [40/400] kernel-results/BLK_MQ_DISPATCH_BUSY_EWMA_FACTOR/3.input.txt, 2025-12-02 06:37:51 -> 2025-12-02 06:37:51
[SUCCESS] [40/400] Completed kernel-results/BLK_MQ_DISPATCH_BUSY_EWMA_FACTOR/3.input.txt at 2025-12-02 06:41:06
[INFO] [83/400] kernel-results/BTRFS_DELAYED_BATCH/3.input.txt, 2025-12-02 06:37:51 -> 2025-12-02 06:41:06
[SUCCESS] [83/400] Completed kernel-results/BTRFS_DELAYED_BATCH/3.input.txt at 2025-12-02 06:44:33
[INFO] [120/400] kernel-results/GSSD_MIN_TIMEOUT/1.input.txt, 2025-12-02 06:37:51 -> 2025-12-02 06:44:33
[SUCCESS] [120/400] Completed kernel-results/GSSD_MIN_TIMEOUT/1.input.txt at 2025-12-02 06:48:22
[INFO] [162/400] kernel-results/MAX_PARTIAL_TO_SCAN/2.input.txt, 2025-12-02 06:37:51 -> 2025-12-02 06:48:22
[SUCCESS] [162/400] Completed kernel-results/MAX_PARTIAL_TO_SCAN/2.input.txt at 2025-12-02 06:51:31
[INFO] [197/400] kernel-results/NFS4_POLL_RETRY_MIN/2.input.txt, 2025-12-02 06:37:51 -> 2025-12-02 06:51:31
[SUCCESS] [197/400] Completed kernel-results/NFS4_POLL_RETRY_MIN/2.input.txt at 2025-12-02 07:16:23
[INFO] [345/400] kernel-results/TCP_RACK_RECOVERY_THRESH/1.input.txt, 2025-12-02 06:37:51 -> 2025-12-02 07:16:23
[SUCCESS] [345/400] Completed kernel-results/TCP_RACK_RECOVERY_THRESH/1.input.txt at 2025-12-02 08:03:07
[INFO] [34/400] kernel-results/BLK_MQ_BUDGET_DELAY/1.input.txt, 2025-12-02 06:37:51 -> 2025-12-02 06:37:51
[SUCCESS] [34/400] Completed kernel-results/BLK_MQ_BUDGET_DELAY/1.input.txt at 2025-12-02 06:40:16
[INFO] [51/400] kernel-results/BLK_MQ_DISPATCH_BUSY_EWMA_WEIGHT/4.input.txt, 2025-12-02 06:37:51 -> 2025-12-02 06:40:16
[SUCCESS] [51/400] Completed kernel-results/BLK_MQ_DISPATCH_BUSY_EWMA_WEIGHT/4.input.txt at 2025-12-02 06:44:21
[INFO] [115/400] kernel-results/EP_MAX_NESTS/1.input.txt, 2025-12-02 06:37:51 -> 2025-12-02 06:44:21
[SUCCESS] [115/400] Completed kernel-results/EP_MAX_NESTS/1.input.txt at 2025-12-02 06:47:35
[INFO] [150/400] kernel-results/KFREE_DRAIN_JIFFIES/3.input.txt, 2025-12-02 06:37:51 -> 2025-12-02 06:47:35
[SUCCESS] [150/400] Completed kernel-results/KFREE_DRAIN_JIFFIES/3.input.txt at 2025-12-02 06:51:13
[INFO] [192/400] kernel-results/NFS4_POLL_RETRY_MAX/4.input.txt, 2025-12-02 06:37:51 -> 2025-12-02 06:51:13
[SUCCESS] [192/400] Completed kernel-results/NFS4_POLL_RETRY_MAX/4.input.txt at 2025-12-02 07:17:59
[INFO] [351/400] kernel-results/TCP_TIMEOUT_MIN/3.input.txt, 2025-12-02 06:37:51 -> 2025-12-02 07:17:59
[SUCCESS] [351/400] Completed kernel-results/TCP_TIMEOUT_MIN/3.input.txt at 2025-12-02 08:04:14
[INFO] [45/400] kernel-results/BLK_MQ_DISPATCH_BUSY_EWMA_WEIGHT/13.input.txt, 2025-12-02 06:37:51 -> 2025-12-02 06:37:51
[SUCCESS] [45/400] Completed kernel-results/BLK_MQ_DISPATCH_BUSY_EWMA_WEIGHT/13.input.txt at 2025-12-02 06:40:46
[INFO] [65/400] kernel-results/BLK_ZONE_WPLUG_DEFAULT_POOL_SIZE/1.input.txt, 2025-12-02 06:37:51 -> 2025-12-02 06:40:46
[SUCCESS] [65/400] Completed kernel-results/BLK_ZONE_WPLUG_DEFAULT_POOL_SIZE/1.input.txt at 2025-12-02 06:48:17
[INFO] [160/400] kernel-results/MAX_OOM_REAP_RETRIES/1.input.txt, 2025-12-02 06:37:51 -> 2025-12-02 06:48:17
[SUCCESS] [160/400] Completed kernel-results/MAX_OOM_REAP_RETRIES/1.input.txt at 2025-12-02 06:51:09
[INFO] [190/400] kernel-results/NFS4_POLL_RETRY_MAX/2.input.txt, 2025-12-02 06:37:51 -> 2025-12-02 06:51:09
[SUCCESS] [190/400] Completed kernel-results/NFS4_POLL_RETRY_MAX/2.input.txt at 2025-12-02 06:53:55
[INFO] [209/400] kernel-results/NFS_JUKEBOX_RETRY_TIME/15.input.txt, 2025-12-02 06:37:51 -> 2025-12-02 06:53:55
[SUCCESS] [209/400] Completed kernel-results/NFS_JUKEBOX_RETRY_TIME/15.input.txt at 2025-12-02 06:56:43
[INFO] [236/400] kernel-results/NUMA_PERIOD_THRESHOLD/2.input.txt, 2025-12-02 06:37:51 -> 2025-12-02 06:56:43
[SUCCESS] [236/400] Completed kernel-results/NUMA_PERIOD_THRESHOLD/2.input.txt at 2025-12-02 07:02:33
[INFO] [286/400] kernel-results/TCP_ATO_MIN/1.input.txt, 2025-12-02 06:37:51 -> 2025-12-02 07:02:33
[SUCCESS] [286/400] Completed kernel-results/TCP_ATO_MIN/1.input.txt at 2025-12-02 07:06:52
[INFO] [316/400] kernel-results/TCP_INIT_CWND/4.input.txt, 2025-12-02 06:37:51 -> 2025-12-02 07:06:52
[SUCCESS] [316/400] Completed kernel-results/TCP_INIT_CWND/4.input.txt at 2025-12-02 07:11:11
[INFO] [333/400] kernel-results/TCP_MAX_WSCALE/15.input.txt, 2025-12-02 06:37:51 -> 2025-12-02 07:11:11
[SUCCESS] [333/400] Completed kernel-results/TCP_MAX_WSCALE/15.input.txt at 2025-12-02 07:15:27
[INFO] [339/400] kernel-results/TCP_MAX_WSCALE/6.input.txt, 2025-12-02 06:37:51 -> 2025-12-02 07:15:27
[SUCCESS] [339/400] Completed kernel-results/TCP_MAX_WSCALE/6.input.txt at 2025-12-02 07:18:16
[INFO] [352/400] kernel-results/TCP_TIMEOUT_MIN/4.input.txt, 2025-12-02 06:37:51 -> 2025-12-02 07:18:16
[SUCCESS] [352/400] Completed kernel-results/TCP_TIMEOUT_MIN/4.input.txt at 2025-12-02 08:05:28
[INFO] [29/400] kernel-results/BLK_MAX_REQUEST_COUNT/1.input.txt, 2025-12-02 06:37:51 -> 2025-12-02 06:37:51
[SUCCESS] [29/400] Completed kernel-results/BLK_MAX_REQUEST_COUNT/1.input.txt at 2025-12-02 06:47:17
[INFO] [146/400] kernel-results/IWALK_MAX_INODE_PREFETCH/3.input.txt, 2025-12-02 06:37:51 -> 2025-12-02 06:47:17
[SUCCESS] [146/400] Completed kernel-results/IWALK_MAX_INODE_PREFETCH/3.input.txt at 2025-12-02 06:51:31
[INFO] [196/400] kernel-results/NFS4_POLL_RETRY_MIN/1.input.txt, 2025-12-02 06:37:51 -> 2025-12-02 06:51:31
[SUCCESS] [196/400] Completed kernel-results/NFS4_POLL_RETRY_MIN/1.input.txt at 2025-12-02 07:16:09
[INFO] [344/400] kernel-results/TCP_PLB_SCALE/2.input.txt, 2025-12-02 06:37:51 -> 2025-12-02 07:16:09
[SUCCESS] [344/400] Completed kernel-results/TCP_PLB_SCALE/2.input.txt at 2025-12-02 07:18:48
[INFO] [354/400] kernel-results/TCP_TIMEOUT_MIN_US/2.input.txt, 2025-12-02 06:37:51 -> 2025-12-02 07:18:48
[SUCCESS] [354/400] Completed kernel-results/TCP_TIMEOUT_MIN_US/2.input.txt at 2025-12-02 08:06:32
[INFO] [23/400] kernel-results/BFQ_RATE_MIN_SAMPLES/1.input.txt, 2025-12-02 06:37:51 -> 2025-12-02 06:37:51
[SUCCESS] [23/400] Completed kernel-results/BFQ_RATE_MIN_SAMPLES/1.input.txt at 2025-12-02 06:40:55
[INFO] [74/400] kernel-results/BTRFS_DELAYED_BACKGROUND/6.input.txt, 2025-12-02 06:37:51 -> 2025-12-02 06:40:55
[SUCCESS] [74/400] Completed kernel-results/BTRFS_DELAYED_BACKGROUND/6.input.txt at 2025-12-02 06:44:04
[INFO] [106/400] kernel-results/DEF_PRIORITY/4.input.txt, 2025-12-02 06:37:51 -> 2025-12-02 06:44:04
[SUCCESS] [106/400] Completed kernel-results/DEF_PRIORITY/4.input.txt at 2025-12-02 06:47:24
[INFO] [148/400] kernel-results/KFREE_DRAIN_JIFFIES/1.input.txt, 2025-12-02 06:37:51 -> 2025-12-02 06:47:24
[SUCCESS] [148/400] Completed kernel-results/KFREE_DRAIN_JIFFIES/1.input.txt at 2025-12-02 06:51:09
[INFO] [191/400] kernel-results/NFS4_POLL_RETRY_MAX/3.input.txt, 2025-12-02 06:37:51 -> 2025-12-02 06:51:09
[SUCCESS] [191/400] Completed kernel-results/NFS4_POLL_RETRY_MAX/3.input.txt at 2025-12-02 07:15:27
[INFO] [340/400] kernel-results/TCP_MAX_WSCALE/7.input.txt, 2025-12-02 06:37:51 -> 2025-12-02 07:15:27
[SUCCESS] [340/400] Completed kernel-results/TCP_MAX_WSCALE/7.input.txt at 2025-12-02 07:18:26
[INFO] [353/400] kernel-results/TCP_TIMEOUT_MIN_US/1.input.txt, 2025-12-02 06:37:51 -> 2025-12-02 07:18:26
[SUCCESS] [353/400] Completed kernel-results/TCP_TIMEOUT_MIN_US/1.input.txt at 2025-12-02 08:08:36
[INFO] [5/400] kernel-results/AMT_DISCOVERY_TIMEOUT/1.input.txt, 2025-12-02 06:37:51 -> 2025-12-02 06:37:51
[SUCCESS] [5/400] Completed kernel-results/AMT_DISCOVERY_TIMEOUT/1.input.txt at 2025-12-02 06:40:43
[INFO] [62/400] kernel-results/BLK_MQ_MAX_DEPTH/6.input.txt, 2025-12-02 06:37:51 -> 2025-12-02 06:40:43
[SUCCESS] [62/400] Completed kernel-results/BLK_MQ_MAX_DEPTH/6.input.txt at 2025-12-02 06:56:04
[INFO] [232/400] kernel-results/NUMA_IMBALANCE_MIN/2.input.txt, 2025-12-02 06:37:51 -> 2025-12-02 06:56:04
[SUCCESS] [232/400] Completed kernel-results/NUMA_IMBALANCE_MIN/2.input.txt at 2025-12-02 07:06:45
[INFO] [315/400] kernel-results/TCP_INIT_CWND/3.input.txt, 2025-12-02 06:37:51 -> 2025-12-02 07:06:45
[SUCCESS] [315/400] Completed kernel-results/TCP_INIT_CWND/3.input.txt at 2025-12-02 07:10:28
[INFO] [331/400] kernel-results/TCP_MAX_WSCALE/13.input.txt, 2025-12-02 06:37:51 -> 2025-12-02 07:10:28
[SUCCESS] [331/400] Completed kernel-results/TCP_MAX_WSCALE/13.input.txt at 2025-12-02 07:17:38
[INFO] [348/400] kernel-results/TCP_THIN_LINEAR_RETRIES/1.input.txt, 2025-12-02 06:37:51 -> 2025-12-02 07:17:38
[SUCCESS] [348/400] Completed kernel-results/TCP_THIN_LINEAR_RETRIES/1.input.txt at 2025-12-02 07:20:47
[INFO] [361/400] kernel-results/WORKER_INIT_LIMIT/2.input.txt, 2025-12-02 06:37:51 -> 2025-12-02 07:20:47
[SUCCESS] [361/400] Completed kernel-results/WORKER_INIT_LIMIT/2.input.txt at 2025-12-02 07:23:51
[INFO] [370/400] kernel-results/bfq_default_max_budget/4.input.txt, 2025-12-02 06:37:51 -> 2025-12-02 07:23:51
[SUCCESS] [370/400] Completed kernel-results/bfq_default_max_budget/4.input.txt at 2025-12-02 08:19:16
[INFO] [50/400] kernel-results/BLK_MQ_DISPATCH_BUSY_EWMA_WEIGHT/3.input.txt, 2025-12-02 06:37:51 -> 2025-12-02 06:37:51
[SUCCESS] [50/400] Completed kernel-results/BLK_MQ_DISPATCH_BUSY_EWMA_WEIGHT/3.input.txt at 2025-12-02 06:42:53
[INFO] [96/400] kernel-results/BUSY_POLL_BUDGET/4.input.txt, 2025-12-02 06:37:51 -> 2025-12-02 06:42:53
[SUCCESS] [96/400] Completed kernel-results/BUSY_POLL_BUDGET/4.input.txt at 2025-12-02 06:45:53
[INFO] [133/400] kernel-results/IO_POLL_REF_BIAS/4.input.txt, 2025-12-02 06:37:51 -> 2025-12-02 06:45:53
[SUCCESS] [133/400] Completed kernel-results/IO_POLL_REF_BIAS/4.input.txt at 2025-12-02 06:48:40
[INFO] [166/400] kernel-results/MAX_PINNED_INTERVAL/1.input.txt, 2025-12-02 06:37:51 -> 2025-12-02 06:48:40
[SUCCESS] [166/400] Completed kernel-results/MAX_PINNED_INTERVAL/1.input.txt at 2025-12-02 06:52:09
[INFO] [203/400] kernel-results/NFS_JUKEBOX_RETRY_TIME/1.input.txt, 2025-12-02 06:37:51 -> 2025-12-02 06:52:09
[SUCCESS] [203/400] Completed kernel-results/NFS_JUKEBOX_RETRY_TIME/1.input.txt at 2025-12-02 06:54:54
[INFO] [223/400] kernel-results/NFS_JUKEBOX_RETRY_TIME/8.input.txt, 2025-12-02 06:37:51 -> 2025-12-02 06:54:54
[SUCCESS] [223/400] Completed kernel-results/NFS_JUKEBOX_RETRY_TIME/8.input.txt at 2025-12-02 06:58:24
[INFO] [255/400] kernel-results/RCU_JIFFIES_FQS_DIV/1.input.txt, 2025-12-02 06:37:51 -> 2025-12-02 06:58:24
[SUCCESS] [255/400] Completed kernel-results/RCU_JIFFIES_FQS_DIV/1.input.txt at 2025-12-02 07:02:24
[INFO] [284/400] kernel-results/SOFT_LEBS_LIMIT/2.input.txt, 2025-12-02 06:37:51 -> 2025-12-02 07:02:24
[SUCCESS] [284/400] Completed kernel-results/SOFT_LEBS_LIMIT/2.input.txt at 2025-12-02 07:06:02
[INFO] [312/400] kernel-results/TCP_INIT_CWND/13.input.txt, 2025-12-02 06:37:51 -> 2025-12-02 07:06:02
[SUCCESS] [312/400] Completed kernel-results/TCP_INIT_CWND/13.input.txt at 2025-12-02 08:15:00
[INFO] [20/400] kernel-results/BFQ_MIN_TT/3.input.txt, 2025-12-02 06:37:51 -> 2025-12-02 06:37:51
[SUCCESS] [20/400] Completed kernel-results/BFQ_MIN_TT/3.input.txt at 2025-12-02 06:41:26
[INFO] [86/400] kernel-results/BTRFS_DELAYED_BATCH/6.input.txt, 2025-12-02 06:37:51 -> 2025-12-02 06:41:26
[SUCCESS] [86/400] Completed kernel-results/BTRFS_DELAYED_BATCH/6.input.txt at 2025-12-02 06:44:54
[INFO] [122/400] kernel-results/IORING_MAX_ENTRIES/1.input.txt, 2025-12-02 06:37:51 -> 2025-12-02 06:44:54
[SUCCESS] [122/400] Completed kernel-results/IORING_MAX_ENTRIES/1.input.txt at 2025-12-02 06:48:02
[INFO] [159/400] kernel-results/MAX_NR_FOLIOS_PER_FREE/2.input.txt, 2025-12-02 06:37:51 -> 2025-12-02 06:48:02
[SUCCESS] [159/400] Completed kernel-results/MAX_NR_FOLIOS_PER_FREE/2.input.txt at 2025-12-02 06:51:27
[INFO] [194/400] kernel-results/NFS4_POLL_RETRY_MAX/6.input.txt, 2025-12-02 06:37:51 -> 2025-12-02 06:51:27
[SUCCESS] [194/400] Completed kernel-results/NFS4_POLL_RETRY_MAX/6.input.txt at 2025-12-02 06:54:21
[INFO] [214/400] kernel-results/NFS_JUKEBOX_RETRY_TIME/2.input.txt, 2025-12-02 06:37:51 -> 2025-12-02 06:54:21
[SUCCESS] [214/400] Completed kernel-results/NFS_JUKEBOX_RETRY_TIME/2.input.txt at 2025-12-02 06:57:18
[INFO] [244/400] kernel-results/PEEK_MAX_IMPORT/1.input.txt, 2025-12-02 06:37:51 -> 2025-12-02 06:57:18
[SUCCESS] [244/400] Completed kernel-results/PEEK_MAX_IMPORT/1.input.txt at 2025-12-02 07:25:58
[INFO] [384/400] kernel-results/capacity_greater/3.input.txt, 2025-12-02 06:37:51 -> 2025-12-02 07:25:58
[SUCCESS] [384/400] Completed kernel-results/capacity_greater/3.input.txt at 2025-12-02 07:29:06
[INFO] [400/400] kernel-results/tcp_min_rtt/1.input.txt, 2025-12-02 06:37:51 -> 2025-12-02 07:29:06
[SUCCESS] [400/400] Completed kernel-results/tcp_min_rtt/1.input.txt at 2025-12-02 08:22:45
[INFO] [37/400] kernel-results/BLK_MQ_CPU_WORK_BATCH/2.input.txt, 2025-12-02 06:37:51 -> 2025-12-02 06:37:51
[SUCCESS] [37/400] Completed kernel-results/BLK_MQ_CPU_WORK_BATCH/2.input.txt at 2025-12-02 07:23:27
[INFO] [368/400] kernel-results/bfq_default_max_budget/2.input.txt, 2025-12-02 06:37:51 -> 2025-12-02 07:23:27
[SUCCESS] [368/400] Completed kernel-results/bfq_default_max_budget/2.input.txt at 2025-12-02 08:22:43
[INFO] [13/400] kernel-results/BFQ_HW_QUEUE_SAMPLES/1.input.txt, 2025-12-02 06:37:51 -> 2025-12-02 06:37:51
[SUCCESS] [13/400] Completed kernel-results/BFQ_HW_QUEUE_SAMPLES/1.input.txt at 2025-12-02 06:40:42
[INFO] [61/400] kernel-results/BLK_MQ_MAX_DEPTH/5.input.txt, 2025-12-02 06:37:51 -> 2025-12-02 06:40:42
[SUCCESS] [61/400] Completed kernel-results/BLK_MQ_MAX_DEPTH/5.input.txt at 2025-12-02 06:43:44
[INFO] [98/400] kernel-results/DEF_DISCARD_URGENT_UTIL/1.input.txt, 2025-12-02 06:37:51 -> 2025-12-02 06:43:44
[SUCCESS] [98/400] Completed kernel-results/DEF_DISCARD_URGENT_UTIL/1.input.txt at 2025-12-02 06:46:40
[INFO] [138/400] kernel-results/IPVS_SYNC_CHECK_PERIOD/1.input.txt, 2025-12-02 06:37:51 -> 2025-12-02 06:46:40
[SUCCESS] [138/400] Completed kernel-results/IPVS_SYNC_CHECK_PERIOD/1.input.txt at 2025-12-02 06:49:36
[INFO] [174/400] kernel-results/MAX_SKIP_GC_COUNT/1.input.txt, 2025-12-02 06:37:51 -> 2025-12-02 06:49:36
[SUCCESS] [174/400] Completed kernel-results/MAX_SKIP_GC_COUNT/1.input.txt at 2025-12-02 06:52:44
[INFO] [205/400] kernel-results/NFS_JUKEBOX_RETRY_TIME/11.input.txt, 2025-12-02 06:37:51 -> 2025-12-02 06:52:44
[SUCCESS] [205/400] Completed kernel-results/NFS_JUKEBOX_RETRY_TIME/11.input.txt at 2025-12-02 06:55:43
[INFO] [228/400] kernel-results/NR_MAX_MIGRATE_PAGES_RETRY/2.input.txt, 2025-12-02 06:37:51 -> 2025-12-02 06:55:43
[SUCCESS] [228/400] Completed kernel-results/NR_MAX_MIGRATE_PAGES_RETRY/2.input.txt at 2025-12-02 07:15:34
[INFO] [341/400] kernel-results/TCP_MAX_WSCALE/8.input.txt, 2025-12-02 06:37:51 -> 2025-12-02 07:15:34
[SUCCESS] [341/400] Completed kernel-results/TCP_MAX_WSCALE/8.input.txt at 2025-12-02 08:23:49

================================================================================
All jobs completed!
Started:  2025-12-02 06:37:51
Finished: 2025-12-02 08:23:49


Summary: 400 succeeded, 0 failed out of 400 total
================================================================================
